[0.126s] Invoking command in '/home/jetson/senton_ws/build/ackermann_mux': CMAKE_PREFIX_PATH=${CMAKE_PREFIX_PATH}:/home/jetson/senton_ws/install/f1tenth_stack:/home/jetson/senton_ws/install/joy_teleop:/home/jetson/senton_ws/install/mouse_teleop:/home/jetson/senton_ws/install/key_teleop:/opt/ros/foxy /usr/bin/cmake /home/jetson/senton_ws/src/f1tenth_system/ackermann_mux -DCMAKE_INSTALL_PREFIX=/home/jetson/senton_ws/install/ackermann_mux
[1.665s] -- The C compiler identification is GNU 9.4.0
[1.665s] -- The CXX compiler identification is GNU 9.4.0
[1.666s] -- Check for working C compiler: /usr/bin/cc
[1.666s] -- Check for working C compiler: /usr/bin/cc -- works
[1.666s] -- Detecting C compiler ABI info
[1.666s] -- Detecting C compiler ABI info - done
[1.666s] -- Detecting C compile features
[1.666s] -- Detecting C compile features - done
[1.666s] -- Check for working CXX compiler: /usr/bin/c++
[1.666s] -- Check for working CXX compiler: /usr/bin/c++ -- works
[1.667s] -- Detecting CXX compiler ABI info
[1.667s] -- Detecting CXX compiler ABI info - done
[1.667s] -- Detecting CXX compile features
[1.667s] -- Detecting CXX compile features - done
[1.680s] -- Found ament_cmake: 0.9.12 (/opt/ros/foxy/share/ament_cmake/cmake)
[1.770s] -- Found PythonInterp: /usr/bin/python3 (found suitable version "3.8.10", minimum required is "3") 
[1.772s] -- Using PYTHON_EXECUTABLE: /usr/bin/python3
[2.432s] -- Found rclcpp: 2.4.3 (/opt/ros/foxy/share/rclcpp/cmake)
[2.659s] -- Using all available rosidl_typesupport_c: rosidl_typesupport_fastrtps_c;rosidl_typesupport_introspection_c
[2.679s] -- Found rosidl_adapter: 1.3.1 (/opt/ros/foxy/share/rosidl_adapter/cmake)
[2.987s] -- Found OpenSSL: /usr/lib/aarch64-linux-gnu/libcrypto.so (found version "1.1.1f")  
[3.096s] -- Found FastRTPS: /opt/ros/foxy/include  
[3.248s] Invoked command in '/home/jetson/senton_ws/build/ackermann_mux' returned '-2': CMAKE_PREFIX_PATH=${CMAKE_PREFIX_PATH}:/home/jetson/senton_ws/install/f1tenth_stack:/home/jetson/senton_ws/install/joy_teleop:/home/jetson/senton_ws/install/mouse_teleop:/home/jetson/senton_ws/install/key_teleop:/opt/ros/foxy /usr/bin/cmake /home/jetson/senton_ws/src/f1tenth_system/ackermann_mux -DCMAKE_INSTALL_PREFIX=/home/jetson/senton_ws/install/ackermann_mux
[3.249s] Traceback (most recent call last):
  File "/usr/lib/python3/dist-packages/colcon_parallel_executor/executor/parallel.py", line 75, in execute
    loop.run_until_complete(future)
  File "/usr/lib/python3.8/asyncio/base_events.py", line 603, in run_until_complete
    self.run_forever()
  File "/usr/lib/python3.8/asyncio/base_events.py", line 570, in run_forever
    self._run_once()
  File "/usr/lib/python3.8/asyncio/base_events.py", line 1823, in _run_once
    event_list = self._selector.select(timeout)
  File "/usr/lib/python3.8/selectors.py", line 468, in select
    fd_event_list = self._selector.poll(timeout, max_ev)
KeyboardInterrupt

During handling of the above exception, another exception occurred:

Traceback (most recent call last):
  File "/usr/lib/python3/dist-packages/colcon_core/executor/__init__.py", line 91, in __call__
    rc = await self.task(*args, **kwargs)
  File "/usr/lib/python3/dist-packages/colcon_core/task/__init__.py", line 93, in __call__
    return await task_method(*args, **kwargs)
  File "/usr/lib/python3/dist-packages/colcon_ros/task/ament_cmake/build.py", line 59, in build
    rc = await extension.build(
  File "/usr/lib/python3/dist-packages/colcon_cmake/task/cmake/build.py", line 87, in build
    rc = await self._reconfigure(args, env)
  File "/usr/lib/python3/dist-packages/colcon_cmake/task/cmake/build.py", line 182, in _reconfigure
    buildfile = get_buildfile(cmake_cache)
  File "/usr/lib/python3/dist-packages/colcon_cmake/task/cmake/__init__.py", line 114, in get_buildfile
    if 'Visual Studio' in generator:
TypeError: argument of type 'NoneType' is not iterable
