[0.000000] (-) TimerEvent: {}
[0.000627] (ackermann_mux) JobQueued: {'identifier': 'ackermann_mux', 'dependencies': OrderedDict()}
[0.000837] (key_teleop) JobQueued: {'identifier': 'key_teleop', 'dependencies': OrderedDict()}
[0.001437] (livox_ros_driver2) JobQueued: {'identifier': 'livox_ros_driver2', 'dependencies': OrderedDict()}
[0.001726] (mouse_teleop) JobQueued: {'identifier': 'mouse_teleop', 'dependencies': OrderedDict()}
[0.002221] (pointcloud_to_laserscan) JobQueued: {'identifier': 'pointcloud_to_laserscan', 'dependencies': OrderedDict()}
[0.002342] (robot_localization) JobQueued: {'identifier': 'robot_localization', 'dependencies': OrderedDict()}
[0.002421] (teleop_tools_msgs) JobQueued: {'identifier': 'teleop_tools_msgs', 'dependencies': OrderedDict()}
[0.002498] (vesc_msgs) JobQueued: {'identifier': 'vesc_msgs', 'dependencies': OrderedDict()}
[0.002570] (joy_teleop) JobQueued: {'identifier': 'joy_teleop', 'dependencies': OrderedDict([('teleop_tools_msgs', '/home/jetson/senton_ws/install/teleop_tools_msgs')])}
[0.002649] (vesc_ackermann) JobQueued: {'identifier': 'vesc_ackermann', 'dependencies': OrderedDict([('vesc_msgs', '/home/jetson/senton_ws/install/vesc_msgs')])}
[0.002724] (vesc_driver) JobQueued: {'identifier': 'vesc_driver', 'dependencies': OrderedDict([('vesc_msgs', '/home/jetson/senton_ws/install/vesc_msgs')])}
[0.002830] (teleop_tools) JobQueued: {'identifier': 'teleop_tools', 'dependencies': OrderedDict([('key_teleop', '/home/jetson/senton_ws/install/key_teleop'), ('teleop_tools_msgs', '/home/jetson/senton_ws/install/teleop_tools_msgs'), ('joy_teleop', '/home/jetson/senton_ws/install/joy_teleop')])}
[0.002905] (vesc) JobQueued: {'identifier': 'vesc', 'dependencies': OrderedDict([('vesc_msgs', '/home/jetson/senton_ws/install/vesc_msgs'), ('vesc_ackermann', '/home/jetson/senton_ws/install/vesc_ackermann'), ('vesc_driver', '/home/jetson/senton_ws/install/vesc_driver')])}
[0.002987] (f1tenth_stack) JobQueued: {'identifier': 'f1tenth_stack', 'dependencies': OrderedDict([('ackermann_mux', '/home/jetson/senton_ws/install/ackermann_mux'), ('teleop_tools_msgs', '/home/jetson/senton_ws/install/teleop_tools_msgs'), ('vesc_msgs', '/home/jetson/senton_ws/install/vesc_msgs'), ('joy_teleop', '/home/jetson/senton_ws/install/joy_teleop'), ('vesc_ackermann', '/home/jetson/senton_ws/install/vesc_ackermann'), ('vesc_driver', '/home/jetson/senton_ws/install/vesc_driver'), ('vesc', '/home/jetson/senton_ws/install/vesc')])}
[0.003075] (vesc_msgs) JobStarted: {'identifier': 'vesc_msgs'}
[0.025961] (teleop_tools_msgs) JobStarted: {'identifier': 'teleop_tools_msgs'}
[0.044702] (ackermann_mux) JobStarted: {'identifier': 'ackermann_mux'}
[0.062296] (key_teleop) JobStarted: {'identifier': 'key_teleop'}
[0.085887] (livox_ros_driver2) JobStarted: {'identifier': 'livox_ros_driver2'}
[0.100200] (-) TimerEvent: {}
[0.102791] (mouse_teleop) JobStarted: {'identifier': 'mouse_teleop'}
[0.131178] (vesc_msgs) JobProgress: {'identifier': 'vesc_msgs', 'progress': 'cmake'}
[0.131968] (vesc_msgs) Command: {'cmd': ['/usr/bin/cmake', '/home/jetson/senton_ws/src/f1tenth_system/vesc/vesc_msgs', '-DCMAKE_INSTALL_PREFIX=/home/jetson/senton_ws/install/vesc_msgs'], 'cwd': '/home/jetson/senton_ws/build/vesc_msgs', 'env': OrderedDict([('GJS_DEBUG_TOPICS', 'JS ERROR;JS LOG'), ('LESSOPEN', '| /usr/bin/lesspipe %s'), ('USER', 'jetson'), ('LC_TIME', 'zh_CN.UTF-8'), ('SSH_AGENT_PID', '2178'), ('XDG_SESSION_TYPE', 'x11'), ('GIT_ASKPASS', '/usr/share/code/resources/app/extensions/git/dist/askpass.sh'), ('SHLVL', '1'), ('LD_LIBRARY_PATH', '/home/jetson/nav_ws/install/pointcloud_to_laserscan/lib:/home/jetson/senton_ws/install/vesc_driver/lib:/home/jetson/senton_ws/install/vesc_ackermann/lib:/home/jetson/senton_ws/install/vesc_msgs/lib:/home/jetson/senton_ws/install/teleop_tools_msgs/lib:/home/jetson/ws_livox/install/livox_ros_driver2/lib:/opt/ros/foxy/opt/yaml_cpp_vendor/lib:/opt/ros/foxy/opt/rviz_ogre_vendor/lib:/opt/ros/foxy/lib/aarch64-linux-gnu:/opt/ros/foxy/lib'), ('HOME', '/home/jetson'), ('CHROME_DESKTOP', 'code-url-handler.desktop'), ('OLDPWD', '/home/jetson'), ('TERM_PROGRAM_VERSION', '1.91.0'), ('DESKTOP_SESSION', 'ubuntu'), ('GIO_LAUNCHED_DESKTOP_FILE', '/usr/share/applications/code.desktop'), ('ROS_PYTHON_VERSION', '3'), ('GNOME_SHELL_SESSION_MODE', 'ubuntu'), ('GTK_MODULES', 'gail:atk-bridge'), ('VSCODE_GIT_ASKPASS_MAIN', '/usr/share/code/resources/app/extensions/git/dist/askpass-main.js'), ('LC_MONETARY', 'zh_CN.UTF-8'), ('VSCODE_GIT_ASKPASS_NODE', '/usr/share/code/code'), ('MANAGERPID', '1407'), ('DBUS_SESSION_BUS_ADDRESS', 'unix:path=/run/user/1000/bus'), ('COLORTERM', 'truecolor'), ('GIO_LAUNCHED_DESKTOP_FILE_PID', '14160'), ('IM_CONFIG_PHASE', '1'), ('COLCON_PREFIX_PATH', '/home/jetson/nav_ws/install:/home/jetson/ws_livox/install:/home/jetson/senton_ws/install'), ('ROS_DISTRO', 'foxy'), ('LOGNAME', 'jetson'), ('JOURNAL_STREAM', '7:53706'), ('_', '/usr/bin/colcon'), ('ROS_VERSION', '2'), ('XDG_SESSION_CLASS', 'user'), ('USERNAME', 'jetson'), ('TERM', 'xterm-256color'), ('GNOME_DESKTOP_SESSION_ID', 'this-is-deprecated'), ('ROS_LOCALHOST_ONLY', '0'), ('WINDOWPATH', '2'), ('PATH', '/home/jetson/.local/bin:/opt/ros/foxy/bin:/home/jetson/.local/bin:/usr/local/sbin:/usr/local/bin:/usr/sbin:/usr/bin:/sbin:/bin:/usr/games:/usr/local/games:/snap/bin'), ('SESSION_MANAGER', 'local/jetson-desktop:@/tmp/.ICE-unix/2216,unix/jetson-desktop:/tmp/.ICE-unix/2216'), ('INVOCATION_ID', '35ad82527dbc4710a8eec6380bb06ca2'), ('XDG_MENU_PREFIX', 'gnome-'), ('LC_ADDRESS', 'zh_CN.UTF-8'), ('XDG_RUNTIME_DIR', '/run/user/1000'), ('GDK_BACKEND', 'x11'), ('DISPLAY', ':0'), ('LANG', 'en_US.UTF-8'), ('XDG_CURRENT_DESKTOP', 'Unity'), ('LC_TELEPHONE', 'zh_CN.UTF-8'), ('XMODIFIERS', '@im=ibus'), ('XDG_SESSION_DESKTOP', 'ubuntu'), ('XAUTHORITY', '/run/user/1000/gdm/Xauthority'), ('LS_COLORS', 'rs=0:di=01;34:ln=01;36:mh=00:pi=40;33:so=01;35:do=01;35:bd=40;33;01:cd=40;33;01:or=40;31;01:mi=00:su=37;41:sg=30;43:ca=30;41:tw=30;42:ow=34;42:st=37;44:ex=01;32:*.tar=01;31:*.tgz=01;31:*.arc=01;31:*.arj=01;31:*.taz=01;31:*.lha=01;31:*.lz4=01;31:*.lzh=01;31:*.lzma=01;31:*.tlz=01;31:*.txz=01;31:*.tzo=01;31:*.t7z=01;31:*.zip=01;31:*.z=01;31:*.dz=01;31:*.gz=01;31:*.lrz=01;31:*.lz=01;31:*.lzo=01;31:*.xz=01;31:*.zst=01;31:*.tzst=01;31:*.bz2=01;31:*.bz=01;31:*.tbz=01;31:*.tbz2=01;31:*.tz=01;31:*.deb=01;31:*.rpm=01;31:*.jar=01;31:*.war=01;31:*.ear=01;31:*.sar=01;31:*.rar=01;31:*.alz=01;31:*.ace=01;31:*.zoo=01;31:*.cpio=01;31:*.7z=01;31:*.rz=01;31:*.cab=01;31:*.wim=01;31:*.swm=01;31:*.dwm=01;31:*.esd=01;31:*.jpg=01;35:*.jpeg=01;35:*.mjpg=01;35:*.mjpeg=01;35:*.gif=01;35:*.bmp=01;35:*.pbm=01;35:*.pgm=01;35:*.ppm=01;35:*.tga=01;35:*.xbm=01;35:*.xpm=01;35:*.tif=01;35:*.tiff=01;35:*.png=01;35:*.svg=01;35:*.svgz=01;35:*.mng=01;35:*.pcx=01;35:*.mov=01;35:*.mpg=01;35:*.mpeg=01;35:*.m2v=01;35:*.mkv=01;35:*.webm=01;35:*.ogm=01;35:*.mp4=01;35:*.m4v=01;35:*.mp4v=01;35:*.vob=01;35:*.qt=01;35:*.nuv=01;35:*.wmv=01;35:*.asf=01;35:*.rm=01;35:*.rmvb=01;35:*.flc=01;35:*.avi=01;35:*.fli=01;35:*.flv=01;35:*.gl=01;35:*.dl=01;35:*.xcf=01;35:*.xwd=01;35:*.yuv=01;35:*.cgm=01;35:*.emf=01;35:*.ogv=01;35:*.ogx=01;35:*.aac=00;36:*.au=00;36:*.flac=00;36:*.m4a=00;36:*.mid=00;36:*.midi=00;36:*.mka=00;36:*.mp3=00;36:*.mpc=00;36:*.ogg=00;36:*.ra=00;36:*.wav=00;36:*.oga=00;36:*.opus=00;36:*.spx=00;36:*.xspf=00;36:'), ('VSCODE_GIT_IPC_HANDLE', '/run/user/1000/vscode-git-36e51666dc.sock'), ('TERM_PROGRAM', 'vscode'), ('SSH_AUTH_SOCK', '/run/user/1000/keyring/ssh'), ('AMENT_PREFIX_PATH', '/home/jetson/nav_ws/install/pointcloud_to_laserscan:/home/jetson/senton_ws/install/f1tenth_stack:/home/jetson/senton_ws/install/vesc:/home/jetson/senton_ws/install/vesc_driver:/home/jetson/senton_ws/install/vesc_ackermann:/home/jetson/senton_ws/install/vesc_msgs:/home/jetson/senton_ws/install/teleop_tools:/home/jetson/senton_ws/install/joy_teleop:/home/jetson/senton_ws/install/teleop_tools_msgs:/home/jetson/senton_ws/install/mouse_teleop:/home/jetson/senton_ws/install/key_teleop:/home/jetson/senton_ws/install/ackermann_mux:/home/jetson/ws_livox/install/livox_ros_driver2:/opt/ros/foxy'), ('ORIGINAL_XDG_CURRENT_DESKTOP', 'ubuntu:GNOME'), ('SHELL', '/bin/bash'), ('LC_NAME', 'zh_CN.UTF-8'), ('QT_ACCESSIBILITY', '1'), ('GDMSESSION', 'ubuntu'), ('LESSCLOSE', '/usr/bin/lesspipe %s %s'), ('LC_MEASUREMENT', 'zh_CN.UTF-8'), ('GPG_AGENT_INFO', '/run/user/1000/gnupg/S.gpg-agent:0:1'), ('GJS_DEBUG_OUTPUT', 'stderr'), ('LC_IDENTIFICATION', 'zh_CN.UTF-8'), ('VSCODE_GIT_ASKPASS_EXTRA_ARGS', ''), ('QT_IM_MODULE', 'ibus'), ('PWD', '/home/jetson/senton_ws/build/vesc_msgs'), ('XDG_CONFIG_DIRS', '/etc/xdg/xdg-ubuntu:/etc/xdg'), ('XDG_DATA_DIRS', '/usr/share/ubuntu:/usr/local/share/:/usr/share/:/var/lib/snapd/desktop'), ('PYTHONPATH', '/home/jetson/senton_ws/install/f1tenth_stack/lib/python3.8/site-packages:/home/jetson/senton_ws/install/vesc_msgs/lib/python3.8/site-packages:/home/jetson/senton_ws/install/joy_teleop/lib/python3.8/site-packages:/home/jetson/senton_ws/install/teleop_tools_msgs/lib/python3.8/site-packages:/home/jetson/senton_ws/install/mouse_teleop/lib/python3.8/site-packages:/home/jetson/senton_ws/install/key_teleop/lib/python3.8/site-packages:/home/jetson/ws_livox/install/livox_ros_driver2/lib/python3.8/site-packages:/opt/ros/foxy/lib/python3.8/site-packages'), ('LC_NUMERIC', 'zh_CN.UTF-8'), ('LC_PAPER', 'zh_CN.UTF-8'), ('COLCON', '1'), ('CMAKE_PREFIX_PATH', '/home/jetson/nav_ws/install/pointcloud_to_laserscan:/home/jetson/senton_ws/install/vesc:/home/jetson/senton_ws/install/vesc_driver:/home/jetson/senton_ws/install/vesc_ackermann:/home/jetson/senton_ws/install/vesc_msgs:/home/jetson/senton_ws/install/teleop_tools:/home/jetson/senton_ws/install/teleop_tools_msgs:/home/jetson/senton_ws/install/ackermann_mux:/home/jetson/ws_livox/install/livox_ros_driver2:/home/jetson/senton_ws/install/f1tenth_stack:/home/jetson/senton_ws/install/joy_teleop:/home/jetson/senton_ws/install/mouse_teleop:/home/jetson/senton_ws/install/key_teleop:/opt/ros/foxy')]), 'shell': False}
[0.150879] (teleop_tools_msgs) JobProgress: {'identifier': 'teleop_tools_msgs', 'progress': 'cmake'}
[0.151592] (teleop_tools_msgs) Command: {'cmd': ['/usr/bin/cmake', '/home/jetson/senton_ws/src/f1tenth_system/teleop_tools/teleop_tools_msgs', '-DCMAKE_INSTALL_PREFIX=/home/jetson/senton_ws/install/teleop_tools_msgs'], 'cwd': '/home/jetson/senton_ws/build/teleop_tools_msgs', 'env': OrderedDict([('GJS_DEBUG_TOPICS', 'JS ERROR;JS LOG'), ('LESSOPEN', '| /usr/bin/lesspipe %s'), ('USER', 'jetson'), ('LC_TIME', 'zh_CN.UTF-8'), ('SSH_AGENT_PID', '2178'), ('XDG_SESSION_TYPE', 'x11'), ('GIT_ASKPASS', '/usr/share/code/resources/app/extensions/git/dist/askpass.sh'), ('SHLVL', '1'), ('LD_LIBRARY_PATH', '/home/jetson/nav_ws/install/pointcloud_to_laserscan/lib:/home/jetson/senton_ws/install/vesc_driver/lib:/home/jetson/senton_ws/install/vesc_ackermann/lib:/home/jetson/senton_ws/install/vesc_msgs/lib:/home/jetson/senton_ws/install/teleop_tools_msgs/lib:/home/jetson/ws_livox/install/livox_ros_driver2/lib:/opt/ros/foxy/opt/yaml_cpp_vendor/lib:/opt/ros/foxy/opt/rviz_ogre_vendor/lib:/opt/ros/foxy/lib/aarch64-linux-gnu:/opt/ros/foxy/lib'), ('HOME', '/home/jetson'), ('CHROME_DESKTOP', 'code-url-handler.desktop'), ('OLDPWD', '/home/jetson'), ('TERM_PROGRAM_VERSION', '1.91.0'), ('DESKTOP_SESSION', 'ubuntu'), ('GIO_LAUNCHED_DESKTOP_FILE', '/usr/share/applications/code.desktop'), ('ROS_PYTHON_VERSION', '3'), ('GNOME_SHELL_SESSION_MODE', 'ubuntu'), ('GTK_MODULES', 'gail:atk-bridge'), ('VSCODE_GIT_ASKPASS_MAIN', '/usr/share/code/resources/app/extensions/git/dist/askpass-main.js'), ('LC_MONETARY', 'zh_CN.UTF-8'), ('VSCODE_GIT_ASKPASS_NODE', '/usr/share/code/code'), ('MANAGERPID', '1407'), ('DBUS_SESSION_BUS_ADDRESS', 'unix:path=/run/user/1000/bus'), ('COLORTERM', 'truecolor'), ('GIO_LAUNCHED_DESKTOP_FILE_PID', '14160'), ('IM_CONFIG_PHASE', '1'), ('COLCON_PREFIX_PATH', '/home/jetson/nav_ws/install:/home/jetson/ws_livox/install:/home/jetson/senton_ws/install'), ('ROS_DISTRO', 'foxy'), ('LOGNAME', 'jetson'), ('JOURNAL_STREAM', '7:53706'), ('_', '/usr/bin/colcon'), ('ROS_VERSION', '2'), ('XDG_SESSION_CLASS', 'user'), ('USERNAME', 'jetson'), ('TERM', 'xterm-256color'), ('GNOME_DESKTOP_SESSION_ID', 'this-is-deprecated'), ('ROS_LOCALHOST_ONLY', '0'), ('WINDOWPATH', '2'), ('PATH', '/home/jetson/.local/bin:/opt/ros/foxy/bin:/home/jetson/.local/bin:/usr/local/sbin:/usr/local/bin:/usr/sbin:/usr/bin:/sbin:/bin:/usr/games:/usr/local/games:/snap/bin'), ('SESSION_MANAGER', 'local/jetson-desktop:@/tmp/.ICE-unix/2216,unix/jetson-desktop:/tmp/.ICE-unix/2216'), ('INVOCATION_ID', '35ad82527dbc4710a8eec6380bb06ca2'), ('XDG_MENU_PREFIX', 'gnome-'), ('LC_ADDRESS', 'zh_CN.UTF-8'), ('XDG_RUNTIME_DIR', '/run/user/1000'), ('GDK_BACKEND', 'x11'), ('DISPLAY', ':0'), ('LANG', 'en_US.UTF-8'), ('XDG_CURRENT_DESKTOP', 'Unity'), ('LC_TELEPHONE', 'zh_CN.UTF-8'), ('XMODIFIERS', '@im=ibus'), ('XDG_SESSION_DESKTOP', 'ubuntu'), ('XAUTHORITY', '/run/user/1000/gdm/Xauthority'), ('LS_COLORS', 'rs=0:di=01;34:ln=01;36:mh=00:pi=40;33:so=01;35:do=01;35:bd=40;33;01:cd=40;33;01:or=40;31;01:mi=00:su=37;41:sg=30;43:ca=30;41:tw=30;42:ow=34;42:st=37;44:ex=01;32:*.tar=01;31:*.tgz=01;31:*.arc=01;31:*.arj=01;31:*.taz=01;31:*.lha=01;31:*.lz4=01;31:*.lzh=01;31:*.lzma=01;31:*.tlz=01;31:*.txz=01;31:*.tzo=01;31:*.t7z=01;31:*.zip=01;31:*.z=01;31:*.dz=01;31:*.gz=01;31:*.lrz=01;31:*.lz=01;31:*.lzo=01;31:*.xz=01;31:*.zst=01;31:*.tzst=01;31:*.bz2=01;31:*.bz=01;31:*.tbz=01;31:*.tbz2=01;31:*.tz=01;31:*.deb=01;31:*.rpm=01;31:*.jar=01;31:*.war=01;31:*.ear=01;31:*.sar=01;31:*.rar=01;31:*.alz=01;31:*.ace=01;31:*.zoo=01;31:*.cpio=01;31:*.7z=01;31:*.rz=01;31:*.cab=01;31:*.wim=01;31:*.swm=01;31:*.dwm=01;31:*.esd=01;31:*.jpg=01;35:*.jpeg=01;35:*.mjpg=01;35:*.mjpeg=01;35:*.gif=01;35:*.bmp=01;35:*.pbm=01;35:*.pgm=01;35:*.ppm=01;35:*.tga=01;35:*.xbm=01;35:*.xpm=01;35:*.tif=01;35:*.tiff=01;35:*.png=01;35:*.svg=01;35:*.svgz=01;35:*.mng=01;35:*.pcx=01;35:*.mov=01;35:*.mpg=01;35:*.mpeg=01;35:*.m2v=01;35:*.mkv=01;35:*.webm=01;35:*.ogm=01;35:*.mp4=01;35:*.m4v=01;35:*.mp4v=01;35:*.vob=01;35:*.qt=01;35:*.nuv=01;35:*.wmv=01;35:*.asf=01;35:*.rm=01;35:*.rmvb=01;35:*.flc=01;35:*.avi=01;35:*.fli=01;35:*.flv=01;35:*.gl=01;35:*.dl=01;35:*.xcf=01;35:*.xwd=01;35:*.yuv=01;35:*.cgm=01;35:*.emf=01;35:*.ogv=01;35:*.ogx=01;35:*.aac=00;36:*.au=00;36:*.flac=00;36:*.m4a=00;36:*.mid=00;36:*.midi=00;36:*.mka=00;36:*.mp3=00;36:*.mpc=00;36:*.ogg=00;36:*.ra=00;36:*.wav=00;36:*.oga=00;36:*.opus=00;36:*.spx=00;36:*.xspf=00;36:'), ('VSCODE_GIT_IPC_HANDLE', '/run/user/1000/vscode-git-36e51666dc.sock'), ('TERM_PROGRAM', 'vscode'), ('SSH_AUTH_SOCK', '/run/user/1000/keyring/ssh'), ('AMENT_PREFIX_PATH', '/home/jetson/nav_ws/install/pointcloud_to_laserscan:/home/jetson/senton_ws/install/f1tenth_stack:/home/jetson/senton_ws/install/vesc:/home/jetson/senton_ws/install/vesc_driver:/home/jetson/senton_ws/install/vesc_ackermann:/home/jetson/senton_ws/install/vesc_msgs:/home/jetson/senton_ws/install/teleop_tools:/home/jetson/senton_ws/install/joy_teleop:/home/jetson/senton_ws/install/teleop_tools_msgs:/home/jetson/senton_ws/install/mouse_teleop:/home/jetson/senton_ws/install/key_teleop:/home/jetson/senton_ws/install/ackermann_mux:/home/jetson/ws_livox/install/livox_ros_driver2:/opt/ros/foxy'), ('ORIGINAL_XDG_CURRENT_DESKTOP', 'ubuntu:GNOME'), ('SHELL', '/bin/bash'), ('LC_NAME', 'zh_CN.UTF-8'), ('QT_ACCESSIBILITY', '1'), ('GDMSESSION', 'ubuntu'), ('LESSCLOSE', '/usr/bin/lesspipe %s %s'), ('LC_MEASUREMENT', 'zh_CN.UTF-8'), ('GPG_AGENT_INFO', '/run/user/1000/gnupg/S.gpg-agent:0:1'), ('GJS_DEBUG_OUTPUT', 'stderr'), ('LC_IDENTIFICATION', 'zh_CN.UTF-8'), ('VSCODE_GIT_ASKPASS_EXTRA_ARGS', ''), ('QT_IM_MODULE', 'ibus'), ('PWD', '/home/jetson/senton_ws/build/teleop_tools_msgs'), ('XDG_CONFIG_DIRS', '/etc/xdg/xdg-ubuntu:/etc/xdg'), ('XDG_DATA_DIRS', '/usr/share/ubuntu:/usr/local/share/:/usr/share/:/var/lib/snapd/desktop'), ('PYTHONPATH', '/home/jetson/senton_ws/install/f1tenth_stack/lib/python3.8/site-packages:/home/jetson/senton_ws/install/vesc_msgs/lib/python3.8/site-packages:/home/jetson/senton_ws/install/joy_teleop/lib/python3.8/site-packages:/home/jetson/senton_ws/install/teleop_tools_msgs/lib/python3.8/site-packages:/home/jetson/senton_ws/install/mouse_teleop/lib/python3.8/site-packages:/home/jetson/senton_ws/install/key_teleop/lib/python3.8/site-packages:/home/jetson/ws_livox/install/livox_ros_driver2/lib/python3.8/site-packages:/opt/ros/foxy/lib/python3.8/site-packages'), ('LC_NUMERIC', 'zh_CN.UTF-8'), ('LC_PAPER', 'zh_CN.UTF-8'), ('COLCON', '1'), ('CMAKE_PREFIX_PATH', '/home/jetson/nav_ws/install/pointcloud_to_laserscan:/home/jetson/senton_ws/install/vesc:/home/jetson/senton_ws/install/vesc_driver:/home/jetson/senton_ws/install/vesc_ackermann:/home/jetson/senton_ws/install/vesc_msgs:/home/jetson/senton_ws/install/teleop_tools:/home/jetson/senton_ws/install/teleop_tools_msgs:/home/jetson/senton_ws/install/ackermann_mux:/home/jetson/ws_livox/install/livox_ros_driver2:/home/jetson/senton_ws/install/f1tenth_stack:/home/jetson/senton_ws/install/joy_teleop:/home/jetson/senton_ws/install/mouse_teleop:/home/jetson/senton_ws/install/key_teleop:/opt/ros/foxy')]), 'shell': False}
[0.168543] (ackermann_mux) JobProgress: {'identifier': 'ackermann_mux', 'progress': 'cmake'}
[0.169141] (ackermann_mux) Command: {'cmd': ['/usr/bin/cmake', '/home/jetson/senton_ws/src/f1tenth_system/ackermann_mux', '-DCMAKE_INSTALL_PREFIX=/home/jetson/senton_ws/install/ackermann_mux'], 'cwd': '/home/jetson/senton_ws/build/ackermann_mux', 'env': OrderedDict([('GJS_DEBUG_TOPICS', 'JS ERROR;JS LOG'), ('LESSOPEN', '| /usr/bin/lesspipe %s'), ('USER', 'jetson'), ('LC_TIME', 'zh_CN.UTF-8'), ('SSH_AGENT_PID', '2178'), ('XDG_SESSION_TYPE', 'x11'), ('GIT_ASKPASS', '/usr/share/code/resources/app/extensions/git/dist/askpass.sh'), ('SHLVL', '1'), ('LD_LIBRARY_PATH', '/home/jetson/nav_ws/install/pointcloud_to_laserscan/lib:/home/jetson/senton_ws/install/vesc_driver/lib:/home/jetson/senton_ws/install/vesc_ackermann/lib:/home/jetson/senton_ws/install/vesc_msgs/lib:/home/jetson/senton_ws/install/teleop_tools_msgs/lib:/home/jetson/ws_livox/install/livox_ros_driver2/lib:/opt/ros/foxy/opt/yaml_cpp_vendor/lib:/opt/ros/foxy/opt/rviz_ogre_vendor/lib:/opt/ros/foxy/lib/aarch64-linux-gnu:/opt/ros/foxy/lib'), ('HOME', '/home/jetson'), ('CHROME_DESKTOP', 'code-url-handler.desktop'), ('OLDPWD', '/home/jetson'), ('TERM_PROGRAM_VERSION', '1.91.0'), ('DESKTOP_SESSION', 'ubuntu'), ('GIO_LAUNCHED_DESKTOP_FILE', '/usr/share/applications/code.desktop'), ('ROS_PYTHON_VERSION', '3'), ('GNOME_SHELL_SESSION_MODE', 'ubuntu'), ('GTK_MODULES', 'gail:atk-bridge'), ('VSCODE_GIT_ASKPASS_MAIN', '/usr/share/code/resources/app/extensions/git/dist/askpass-main.js'), ('LC_MONETARY', 'zh_CN.UTF-8'), ('VSCODE_GIT_ASKPASS_NODE', '/usr/share/code/code'), ('MANAGERPID', '1407'), ('DBUS_SESSION_BUS_ADDRESS', 'unix:path=/run/user/1000/bus'), ('COLORTERM', 'truecolor'), ('GIO_LAUNCHED_DESKTOP_FILE_PID', '14160'), ('IM_CONFIG_PHASE', '1'), ('COLCON_PREFIX_PATH', '/home/jetson/nav_ws/install:/home/jetson/ws_livox/install:/home/jetson/senton_ws/install'), ('ROS_DISTRO', 'foxy'), ('LOGNAME', 'jetson'), ('JOURNAL_STREAM', '7:53706'), ('_', '/usr/bin/colcon'), ('ROS_VERSION', '2'), ('XDG_SESSION_CLASS', 'user'), ('USERNAME', 'jetson'), ('TERM', 'xterm-256color'), ('GNOME_DESKTOP_SESSION_ID', 'this-is-deprecated'), ('ROS_LOCALHOST_ONLY', '0'), ('WINDOWPATH', '2'), ('PATH', '/home/jetson/.local/bin:/opt/ros/foxy/bin:/home/jetson/.local/bin:/usr/local/sbin:/usr/local/bin:/usr/sbin:/usr/bin:/sbin:/bin:/usr/games:/usr/local/games:/snap/bin'), ('SESSION_MANAGER', 'local/jetson-desktop:@/tmp/.ICE-unix/2216,unix/jetson-desktop:/tmp/.ICE-unix/2216'), ('INVOCATION_ID', '35ad82527dbc4710a8eec6380bb06ca2'), ('XDG_MENU_PREFIX', 'gnome-'), ('LC_ADDRESS', 'zh_CN.UTF-8'), ('XDG_RUNTIME_DIR', '/run/user/1000'), ('GDK_BACKEND', 'x11'), ('DISPLAY', ':0'), ('LANG', 'en_US.UTF-8'), ('XDG_CURRENT_DESKTOP', 'Unity'), ('LC_TELEPHONE', 'zh_CN.UTF-8'), ('XMODIFIERS', '@im=ibus'), ('XDG_SESSION_DESKTOP', 'ubuntu'), ('XAUTHORITY', '/run/user/1000/gdm/Xauthority'), ('LS_COLORS', 'rs=0:di=01;34:ln=01;36:mh=00:pi=40;33:so=01;35:do=01;35:bd=40;33;01:cd=40;33;01:or=40;31;01:mi=00:su=37;41:sg=30;43:ca=30;41:tw=30;42:ow=34;42:st=37;44:ex=01;32:*.tar=01;31:*.tgz=01;31:*.arc=01;31:*.arj=01;31:*.taz=01;31:*.lha=01;31:*.lz4=01;31:*.lzh=01;31:*.lzma=01;31:*.tlz=01;31:*.txz=01;31:*.tzo=01;31:*.t7z=01;31:*.zip=01;31:*.z=01;31:*.dz=01;31:*.gz=01;31:*.lrz=01;31:*.lz=01;31:*.lzo=01;31:*.xz=01;31:*.zst=01;31:*.tzst=01;31:*.bz2=01;31:*.bz=01;31:*.tbz=01;31:*.tbz2=01;31:*.tz=01;31:*.deb=01;31:*.rpm=01;31:*.jar=01;31:*.war=01;31:*.ear=01;31:*.sar=01;31:*.rar=01;31:*.alz=01;31:*.ace=01;31:*.zoo=01;31:*.cpio=01;31:*.7z=01;31:*.rz=01;31:*.cab=01;31:*.wim=01;31:*.swm=01;31:*.dwm=01;31:*.esd=01;31:*.jpg=01;35:*.jpeg=01;35:*.mjpg=01;35:*.mjpeg=01;35:*.gif=01;35:*.bmp=01;35:*.pbm=01;35:*.pgm=01;35:*.ppm=01;35:*.tga=01;35:*.xbm=01;35:*.xpm=01;35:*.tif=01;35:*.tiff=01;35:*.png=01;35:*.svg=01;35:*.svgz=01;35:*.mng=01;35:*.pcx=01;35:*.mov=01;35:*.mpg=01;35:*.mpeg=01;35:*.m2v=01;35:*.mkv=01;35:*.webm=01;35:*.ogm=01;35:*.mp4=01;35:*.m4v=01;35:*.mp4v=01;35:*.vob=01;35:*.qt=01;35:*.nuv=01;35:*.wmv=01;35:*.asf=01;35:*.rm=01;35:*.rmvb=01;35:*.flc=01;35:*.avi=01;35:*.fli=01;35:*.flv=01;35:*.gl=01;35:*.dl=01;35:*.xcf=01;35:*.xwd=01;35:*.yuv=01;35:*.cgm=01;35:*.emf=01;35:*.ogv=01;35:*.ogx=01;35:*.aac=00;36:*.au=00;36:*.flac=00;36:*.m4a=00;36:*.mid=00;36:*.midi=00;36:*.mka=00;36:*.mp3=00;36:*.mpc=00;36:*.ogg=00;36:*.ra=00;36:*.wav=00;36:*.oga=00;36:*.opus=00;36:*.spx=00;36:*.xspf=00;36:'), ('VSCODE_GIT_IPC_HANDLE', '/run/user/1000/vscode-git-36e51666dc.sock'), ('TERM_PROGRAM', 'vscode'), ('SSH_AUTH_SOCK', '/run/user/1000/keyring/ssh'), ('AMENT_PREFIX_PATH', '/home/jetson/nav_ws/install/pointcloud_to_laserscan:/home/jetson/senton_ws/install/f1tenth_stack:/home/jetson/senton_ws/install/vesc:/home/jetson/senton_ws/install/vesc_driver:/home/jetson/senton_ws/install/vesc_ackermann:/home/jetson/senton_ws/install/vesc_msgs:/home/jetson/senton_ws/install/teleop_tools:/home/jetson/senton_ws/install/joy_teleop:/home/jetson/senton_ws/install/teleop_tools_msgs:/home/jetson/senton_ws/install/mouse_teleop:/home/jetson/senton_ws/install/key_teleop:/home/jetson/senton_ws/install/ackermann_mux:/home/jetson/ws_livox/install/livox_ros_driver2:/opt/ros/foxy'), ('ORIGINAL_XDG_CURRENT_DESKTOP', 'ubuntu:GNOME'), ('SHELL', '/bin/bash'), ('LC_NAME', 'zh_CN.UTF-8'), ('QT_ACCESSIBILITY', '1'), ('GDMSESSION', 'ubuntu'), ('LESSCLOSE', '/usr/bin/lesspipe %s %s'), ('LC_MEASUREMENT', 'zh_CN.UTF-8'), ('GPG_AGENT_INFO', '/run/user/1000/gnupg/S.gpg-agent:0:1'), ('GJS_DEBUG_OUTPUT', 'stderr'), ('LC_IDENTIFICATION', 'zh_CN.UTF-8'), ('VSCODE_GIT_ASKPASS_EXTRA_ARGS', ''), ('QT_IM_MODULE', 'ibus'), ('PWD', '/home/jetson/senton_ws/build/ackermann_mux'), ('XDG_CONFIG_DIRS', '/etc/xdg/xdg-ubuntu:/etc/xdg'), ('XDG_DATA_DIRS', '/usr/share/ubuntu:/usr/local/share/:/usr/share/:/var/lib/snapd/desktop'), ('PYTHONPATH', '/home/jetson/senton_ws/install/f1tenth_stack/lib/python3.8/site-packages:/home/jetson/senton_ws/install/vesc_msgs/lib/python3.8/site-packages:/home/jetson/senton_ws/install/joy_teleop/lib/python3.8/site-packages:/home/jetson/senton_ws/install/teleop_tools_msgs/lib/python3.8/site-packages:/home/jetson/senton_ws/install/mouse_teleop/lib/python3.8/site-packages:/home/jetson/senton_ws/install/key_teleop/lib/python3.8/site-packages:/home/jetson/ws_livox/install/livox_ros_driver2/lib/python3.8/site-packages:/opt/ros/foxy/lib/python3.8/site-packages'), ('LC_NUMERIC', 'zh_CN.UTF-8'), ('LC_PAPER', 'zh_CN.UTF-8'), ('COLCON', '1'), ('CMAKE_PREFIX_PATH', '/home/jetson/nav_ws/install/pointcloud_to_laserscan:/home/jetson/senton_ws/install/vesc:/home/jetson/senton_ws/install/vesc_driver:/home/jetson/senton_ws/install/vesc_ackermann:/home/jetson/senton_ws/install/vesc_msgs:/home/jetson/senton_ws/install/teleop_tools:/home/jetson/senton_ws/install/teleop_tools_msgs:/home/jetson/senton_ws/install/ackermann_mux:/home/jetson/ws_livox/install/livox_ros_driver2:/home/jetson/senton_ws/install/f1tenth_stack:/home/jetson/senton_ws/install/joy_teleop:/home/jetson/senton_ws/install/mouse_teleop:/home/jetson/senton_ws/install/key_teleop:/opt/ros/foxy')]), 'shell': False}
[0.200351] (-) TimerEvent: {}
[0.301313] (-) TimerEvent: {}
[0.402071] (-) TimerEvent: {}
[0.502794] (-) TimerEvent: {}
[0.603491] (-) TimerEvent: {}
[0.706144] (-) TimerEvent: {}
[0.807092] (-) TimerEvent: {}
[0.908305] (-) TimerEvent: {}
[0.955831] (livox_ros_driver2) JobProgress: {'identifier': 'livox_ros_driver2', 'progress': 'cmake'}
[0.961217] (livox_ros_driver2) Command: {'cmd': ['/usr/bin/cmake', '/home/jetson/senton_ws/src/livox_ros_driver2', '-DCMAKE_INSTALL_PREFIX=/home/jetson/senton_ws/install/livox_ros_driver2'], 'cwd': '/home/jetson/senton_ws/build/livox_ros_driver2', 'env': OrderedDict([('GJS_DEBUG_TOPICS', 'JS ERROR;JS LOG'), ('LESSOPEN', '| /usr/bin/lesspipe %s'), ('USER', 'jetson'), ('LC_TIME', 'zh_CN.UTF-8'), ('SSH_AGENT_PID', '2178'), ('XDG_SESSION_TYPE', 'x11'), ('GIT_ASKPASS', '/usr/share/code/resources/app/extensions/git/dist/askpass.sh'), ('SHLVL', '1'), ('LD_LIBRARY_PATH', '/home/jetson/nav_ws/install/pointcloud_to_laserscan/lib:/home/jetson/senton_ws/install/vesc_driver/lib:/home/jetson/senton_ws/install/vesc_ackermann/lib:/home/jetson/senton_ws/install/vesc_msgs/lib:/home/jetson/senton_ws/install/teleop_tools_msgs/lib:/home/jetson/ws_livox/install/livox_ros_driver2/lib:/opt/ros/foxy/opt/yaml_cpp_vendor/lib:/opt/ros/foxy/opt/rviz_ogre_vendor/lib:/opt/ros/foxy/lib/aarch64-linux-gnu:/opt/ros/foxy/lib'), ('HOME', '/home/jetson'), ('CHROME_DESKTOP', 'code-url-handler.desktop'), ('OLDPWD', '/home/jetson'), ('TERM_PROGRAM_VERSION', '1.91.0'), ('DESKTOP_SESSION', 'ubuntu'), ('GIO_LAUNCHED_DESKTOP_FILE', '/usr/share/applications/code.desktop'), ('ROS_PYTHON_VERSION', '3'), ('GNOME_SHELL_SESSION_MODE', 'ubuntu'), ('GTK_MODULES', 'gail:atk-bridge'), ('VSCODE_GIT_ASKPASS_MAIN', '/usr/share/code/resources/app/extensions/git/dist/askpass-main.js'), ('LC_MONETARY', 'zh_CN.UTF-8'), ('VSCODE_GIT_ASKPASS_NODE', '/usr/share/code/code'), ('MANAGERPID', '1407'), ('DBUS_SESSION_BUS_ADDRESS', 'unix:path=/run/user/1000/bus'), ('COLORTERM', 'truecolor'), ('GIO_LAUNCHED_DESKTOP_FILE_PID', '14160'), ('IM_CONFIG_PHASE', '1'), ('COLCON_PREFIX_PATH', '/home/jetson/nav_ws/install:/home/jetson/ws_livox/install:/home/jetson/senton_ws/install'), ('ROS_DISTRO', 'foxy'), ('LOGNAME', 'jetson'), ('JOURNAL_STREAM', '7:53706'), ('_', '/usr/bin/colcon'), ('ROS_VERSION', '2'), ('XDG_SESSION_CLASS', 'user'), ('USERNAME', 'jetson'), ('TERM', 'xterm-256color'), ('GNOME_DESKTOP_SESSION_ID', 'this-is-deprecated'), ('ROS_LOCALHOST_ONLY', '0'), ('WINDOWPATH', '2'), ('PATH', '/home/jetson/.local/bin:/opt/ros/foxy/bin:/home/jetson/.local/bin:/usr/local/sbin:/usr/local/bin:/usr/sbin:/usr/bin:/sbin:/bin:/usr/games:/usr/local/games:/snap/bin'), ('SESSION_MANAGER', 'local/jetson-desktop:@/tmp/.ICE-unix/2216,unix/jetson-desktop:/tmp/.ICE-unix/2216'), ('INVOCATION_ID', '35ad82527dbc4710a8eec6380bb06ca2'), ('XDG_MENU_PREFIX', 'gnome-'), ('LC_ADDRESS', 'zh_CN.UTF-8'), ('XDG_RUNTIME_DIR', '/run/user/1000'), ('GDK_BACKEND', 'x11'), ('DISPLAY', ':0'), ('LANG', 'en_US.UTF-8'), ('XDG_CURRENT_DESKTOP', 'Unity'), ('LC_TELEPHONE', 'zh_CN.UTF-8'), ('XMODIFIERS', '@im=ibus'), ('XDG_SESSION_DESKTOP', 'ubuntu'), ('XAUTHORITY', '/run/user/1000/gdm/Xauthority'), ('LS_COLORS', 'rs=0:di=01;34:ln=01;36:mh=00:pi=40;33:so=01;35:do=01;35:bd=40;33;01:cd=40;33;01:or=40;31;01:mi=00:su=37;41:sg=30;43:ca=30;41:tw=30;42:ow=34;42:st=37;44:ex=01;32:*.tar=01;31:*.tgz=01;31:*.arc=01;31:*.arj=01;31:*.taz=01;31:*.lha=01;31:*.lz4=01;31:*.lzh=01;31:*.lzma=01;31:*.tlz=01;31:*.txz=01;31:*.tzo=01;31:*.t7z=01;31:*.zip=01;31:*.z=01;31:*.dz=01;31:*.gz=01;31:*.lrz=01;31:*.lz=01;31:*.lzo=01;31:*.xz=01;31:*.zst=01;31:*.tzst=01;31:*.bz2=01;31:*.bz=01;31:*.tbz=01;31:*.tbz2=01;31:*.tz=01;31:*.deb=01;31:*.rpm=01;31:*.jar=01;31:*.war=01;31:*.ear=01;31:*.sar=01;31:*.rar=01;31:*.alz=01;31:*.ace=01;31:*.zoo=01;31:*.cpio=01;31:*.7z=01;31:*.rz=01;31:*.cab=01;31:*.wim=01;31:*.swm=01;31:*.dwm=01;31:*.esd=01;31:*.jpg=01;35:*.jpeg=01;35:*.mjpg=01;35:*.mjpeg=01;35:*.gif=01;35:*.bmp=01;35:*.pbm=01;35:*.pgm=01;35:*.ppm=01;35:*.tga=01;35:*.xbm=01;35:*.xpm=01;35:*.tif=01;35:*.tiff=01;35:*.png=01;35:*.svg=01;35:*.svgz=01;35:*.mng=01;35:*.pcx=01;35:*.mov=01;35:*.mpg=01;35:*.mpeg=01;35:*.m2v=01;35:*.mkv=01;35:*.webm=01;35:*.ogm=01;35:*.mp4=01;35:*.m4v=01;35:*.mp4v=01;35:*.vob=01;35:*.qt=01;35:*.nuv=01;35:*.wmv=01;35:*.asf=01;35:*.rm=01;35:*.rmvb=01;35:*.flc=01;35:*.avi=01;35:*.fli=01;35:*.flv=01;35:*.gl=01;35:*.dl=01;35:*.xcf=01;35:*.xwd=01;35:*.yuv=01;35:*.cgm=01;35:*.emf=01;35:*.ogv=01;35:*.ogx=01;35:*.aac=00;36:*.au=00;36:*.flac=00;36:*.m4a=00;36:*.mid=00;36:*.midi=00;36:*.mka=00;36:*.mp3=00;36:*.mpc=00;36:*.ogg=00;36:*.ra=00;36:*.wav=00;36:*.oga=00;36:*.opus=00;36:*.spx=00;36:*.xspf=00;36:'), ('VSCODE_GIT_IPC_HANDLE', '/run/user/1000/vscode-git-36e51666dc.sock'), ('TERM_PROGRAM', 'vscode'), ('SSH_AUTH_SOCK', '/run/user/1000/keyring/ssh'), ('AMENT_PREFIX_PATH', '/home/jetson/nav_ws/install/pointcloud_to_laserscan:/home/jetson/senton_ws/install/f1tenth_stack:/home/jetson/senton_ws/install/vesc:/home/jetson/senton_ws/install/vesc_driver:/home/jetson/senton_ws/install/vesc_ackermann:/home/jetson/senton_ws/install/vesc_msgs:/home/jetson/senton_ws/install/teleop_tools:/home/jetson/senton_ws/install/joy_teleop:/home/jetson/senton_ws/install/teleop_tools_msgs:/home/jetson/senton_ws/install/mouse_teleop:/home/jetson/senton_ws/install/key_teleop:/home/jetson/senton_ws/install/ackermann_mux:/home/jetson/ws_livox/install/livox_ros_driver2:/opt/ros/foxy'), ('ORIGINAL_XDG_CURRENT_DESKTOP', 'ubuntu:GNOME'), ('SHELL', '/bin/bash'), ('LC_NAME', 'zh_CN.UTF-8'), ('QT_ACCESSIBILITY', '1'), ('GDMSESSION', 'ubuntu'), ('LESSCLOSE', '/usr/bin/lesspipe %s %s'), ('LC_MEASUREMENT', 'zh_CN.UTF-8'), ('GPG_AGENT_INFO', '/run/user/1000/gnupg/S.gpg-agent:0:1'), ('GJS_DEBUG_OUTPUT', 'stderr'), ('LC_IDENTIFICATION', 'zh_CN.UTF-8'), ('VSCODE_GIT_ASKPASS_EXTRA_ARGS', ''), ('QT_IM_MODULE', 'ibus'), ('PWD', '/home/jetson/senton_ws/build/livox_ros_driver2'), ('XDG_CONFIG_DIRS', '/etc/xdg/xdg-ubuntu:/etc/xdg'), ('XDG_DATA_DIRS', '/usr/share/ubuntu:/usr/local/share/:/usr/share/:/var/lib/snapd/desktop'), ('PYTHONPATH', '/home/jetson/senton_ws/install/f1tenth_stack/lib/python3.8/site-packages:/home/jetson/senton_ws/install/vesc_msgs/lib/python3.8/site-packages:/home/jetson/senton_ws/install/joy_teleop/lib/python3.8/site-packages:/home/jetson/senton_ws/install/teleop_tools_msgs/lib/python3.8/site-packages:/home/jetson/senton_ws/install/mouse_teleop/lib/python3.8/site-packages:/home/jetson/senton_ws/install/key_teleop/lib/python3.8/site-packages:/home/jetson/ws_livox/install/livox_ros_driver2/lib/python3.8/site-packages:/opt/ros/foxy/lib/python3.8/site-packages'), ('LC_NUMERIC', 'zh_CN.UTF-8'), ('LC_PAPER', 'zh_CN.UTF-8'), ('COLCON', '1'), ('CMAKE_PREFIX_PATH', '/home/jetson/nav_ws/install/pointcloud_to_laserscan:/home/jetson/senton_ws/install/vesc:/home/jetson/senton_ws/install/vesc_driver:/home/jetson/senton_ws/install/vesc_ackermann:/home/jetson/senton_ws/install/vesc_msgs:/home/jetson/senton_ws/install/teleop_tools:/home/jetson/senton_ws/install/teleop_tools_msgs:/home/jetson/senton_ws/install/ackermann_mux:/home/jetson/ws_livox/install/livox_ros_driver2:/home/jetson/senton_ws/install/f1tenth_stack:/home/jetson/senton_ws/install/joy_teleop:/home/jetson/senton_ws/install/mouse_teleop:/home/jetson/senton_ws/install/key_teleop:/opt/ros/foxy')]), 'shell': False}
[1.008796] (-) TimerEvent: {}
[1.110351] (-) TimerEvent: {}
[1.211078] (-) TimerEvent: {}
[1.311796] (-) TimerEvent: {}
[1.412546] (-) TimerEvent: {}
[1.513506] (-) TimerEvent: {}
[1.614943] (-) TimerEvent: {}
[1.695480] (vesc_msgs) StdoutLine: {'line': b'-- The C compiler identification is GNU 9.4.0\n'}
[1.699175] (vesc_msgs) StdoutLine: {'line': b'-- The CXX compiler identification is GNU 9.4.0\n'}
[1.700519] (vesc_msgs) StdoutLine: {'line': b'-- Check for working C compiler: /usr/bin/cc\n'}
[1.700789] (vesc_msgs) StdoutLine: {'line': b'-- Check for working C compiler: /usr/bin/cc -- works\n'}
[1.700979] (vesc_msgs) StdoutLine: {'line': b'-- Detecting C compiler ABI info\n'}
[1.701146] (vesc_msgs) StdoutLine: {'line': b'-- Detecting C compiler ABI info - done\n'}
[1.701447] (vesc_msgs) StdoutLine: {'line': b'-- Detecting C compile features\n'}
[1.703050] (vesc_msgs) StdoutLine: {'line': b'-- Detecting C compile features - done\n'}
[1.704378] (vesc_msgs) StdoutLine: {'line': b'-- Check for working CXX compiler: /usr/bin/c++\n'}
[1.705111] (vesc_msgs) StdoutLine: {'line': b'-- Check for working CXX compiler: /usr/bin/c++ -- works\n'}
[1.707902] (vesc_msgs) StdoutLine: {'line': b'-- Detecting CXX compiler ABI info\n'}
[1.708079] (vesc_msgs) StdoutLine: {'line': b'-- Detecting CXX compiler ABI info - done\n'}
[1.708228] (vesc_msgs) StdoutLine: {'line': b'-- Detecting CXX compile features\n'}
[1.708367] (vesc_msgs) StdoutLine: {'line': b'-- Detecting CXX compile features - done\n'}
[1.708503] (vesc_msgs) StdoutLine: {'line': b'-- Found ament_cmake_auto: 0.9.12 (/opt/ros/foxy/share/ament_cmake_auto/cmake)\n'}
[1.708643] (teleop_tools_msgs) StdoutLine: {'line': b'-- The C compiler identification is GNU 9.4.0\n'}
[1.708856] (teleop_tools_msgs) StdoutLine: {'line': b'-- The CXX compiler identification is GNU 9.4.0\n'}
[1.708989] (teleop_tools_msgs) StdoutLine: {'line': b'-- Check for working C compiler: /usr/bin/cc\n'}
[1.709118] (teleop_tools_msgs) StdoutLine: {'line': b'-- Check for working C compiler: /usr/bin/cc -- works\n'}
[1.709244] (teleop_tools_msgs) StdoutLine: {'line': b'-- Detecting C compiler ABI info\n'}
[1.709367] (teleop_tools_msgs) StdoutLine: {'line': b'-- Detecting C compiler ABI info - done\n'}
[1.709496] (teleop_tools_msgs) StdoutLine: {'line': b'-- Detecting C compile features\n'}
[1.709621] (teleop_tools_msgs) StdoutLine: {'line': b'-- Detecting C compile features - done\n'}
[1.709747] (teleop_tools_msgs) StdoutLine: {'line': b'-- Check for working CXX compiler: /usr/bin/c++\n'}
[1.709892] (teleop_tools_msgs) StdoutLine: {'line': b'-- Check for working CXX compiler: /usr/bin/c++ -- works\n'}
[1.710019] (teleop_tools_msgs) StdoutLine: {'line': b'-- Detecting CXX compiler ABI info\n'}
[1.710137] (teleop_tools_msgs) StdoutLine: {'line': b'-- Detecting CXX compiler ABI info - done\n'}
[1.710256] (teleop_tools_msgs) StdoutLine: {'line': b'-- Detecting CXX compile features\n'}
[1.710372] (teleop_tools_msgs) StdoutLine: {'line': b'-- Detecting CXX compile features - done\n'}
[1.710491] (ackermann_mux) StdoutLine: {'line': b'-- The C compiler identification is GNU 9.4.0\n'}
[1.710681] (ackermann_mux) StdoutLine: {'line': b'-- The CXX compiler identification is GNU 9.4.0\n'}
[1.710810] (ackermann_mux) StdoutLine: {'line': b'-- Check for working C compiler: /usr/bin/cc\n'}
[1.710933] (ackermann_mux) StdoutLine: {'line': b'-- Check for working C compiler: /usr/bin/cc -- works\n'}
[1.711053] (ackermann_mux) StdoutLine: {'line': b'-- Detecting C compiler ABI info\n'}
[1.711173] (ackermann_mux) StdoutLine: {'line': b'-- Detecting C compiler ABI info - done\n'}
[1.711294] (ackermann_mux) StdoutLine: {'line': b'-- Detecting C compile features\n'}
[1.711413] (ackermann_mux) StdoutLine: {'line': b'-- Detecting C compile features - done\n'}
[1.711533] (ackermann_mux) StdoutLine: {'line': b'-- Check for working CXX compiler: /usr/bin/c++\n'}
[1.711650] (ackermann_mux) StdoutLine: {'line': b'-- Check for working CXX compiler: /usr/bin/c++ -- works\n'}
[1.711768] (ackermann_mux) StdoutLine: {'line': b'-- Detecting CXX compiler ABI info\n'}
[1.711886] (ackermann_mux) StdoutLine: {'line': b'-- Detecting CXX compiler ABI info - done\n'}
[1.712006] (ackermann_mux) StdoutLine: {'line': b'-- Detecting CXX compile features\n'}
[1.712125] (ackermann_mux) StdoutLine: {'line': b'-- Detecting CXX compile features - done\n'}
[1.712248] (livox_ros_driver2) StdoutLine: {'line': b'-- The C compiler identification is GNU 9.4.0\n'}
[1.712820] (livox_ros_driver2) StdoutLine: {'line': b'-- The CXX compiler identification is GNU 9.4.0\n'}
[1.713705] (livox_ros_driver2) StdoutLine: {'line': b'-- Check for working C compiler: /usr/bin/cc\n'}
[1.713931] (livox_ros_driver2) StdoutLine: {'line': b'-- Check for working C compiler: /usr/bin/cc -- works\n'}
[1.714076] (livox_ros_driver2) StdoutLine: {'line': b'-- Detecting C compiler ABI info\n'}
[1.714995] (-) TimerEvent: {}
[1.724627] (ackermann_mux) StdoutLine: {'line': b'-- Found ament_cmake: 0.9.12 (/opt/ros/foxy/share/ament_cmake/cmake)\n'}
[1.725974] (livox_ros_driver2) StdoutLine: {'line': b'-- Detecting C compiler ABI info - done\n'}
[1.729598] (teleop_tools_msgs) StdoutLine: {'line': b'-- Found ament_cmake: 0.9.12 (/opt/ros/foxy/share/ament_cmake/cmake)\n'}
[1.750199] (livox_ros_driver2) StdoutLine: {'line': b'-- Detecting C compile features\n'}
[1.751378] (livox_ros_driver2) StdoutLine: {'line': b'-- Detecting C compile features - done\n'}
[1.751593] (livox_ros_driver2) StdoutLine: {'line': b'-- Check for working CXX compiler: /usr/bin/c++\n'}
[1.799626] (vesc_msgs) StdoutLine: {'line': b'-- Found PythonInterp: /usr/bin/python3 (found suitable version "3.8.10", minimum required is "3") \n'}
[1.800154] (vesc_msgs) StdoutLine: {'line': b'-- Using PYTHON_EXECUTABLE: /usr/bin/python3\n'}
[1.814679] (ackermann_mux) StdoutLine: {'line': b'-- Found PythonInterp: /usr/bin/python3 (found suitable version "3.8.10", minimum required is "3") \n'}
[1.815169] (-) TimerEvent: {}
[1.816845] (ackermann_mux) StdoutLine: {'line': b'-- Using PYTHON_EXECUTABLE: /usr/bin/python3\n'}
[1.829054] (teleop_tools_msgs) StdoutLine: {'line': b'-- Found PythonInterp: /usr/bin/python3 (found suitable version "3.8.10", minimum required is "3") \n'}
[1.829603] (teleop_tools_msgs) StdoutLine: {'line': b'-- Using PYTHON_EXECUTABLE: /usr/bin/python3\n'}
[1.915375] (-) TimerEvent: {}
[2.016089] (-) TimerEvent: {}
[2.119126] (-) TimerEvent: {}
[2.142195] (livox_ros_driver2) StdoutLine: {'line': b'-- Check for working CXX compiler: /usr/bin/c++ -- works\n'}
[2.156491] (livox_ros_driver2) StdoutLine: {'line': b'-- Detecting CXX compiler ABI info\n'}
[2.219288] (-) TimerEvent: {}
[2.322046] (-) TimerEvent: {}
[2.404008] (livox_ros_driver2) StdoutLine: {'line': b'-- Detecting CXX compiler ABI info - done\n'}
[2.422194] (-) TimerEvent: {}
[2.431299] (livox_ros_driver2) StdoutLine: {'line': b'-- Detecting CXX compile features\n'}
[2.432157] (livox_ros_driver2) StdoutLine: {'line': b'-- Detecting CXX compile features - done\n'}
[2.437809] (livox_ros_driver2) StdoutLine: {'line': b'-- livox_ros_driver2 version: 1.2.4\n'}
[2.443136] (livox_ros_driver2) StdoutLine: {'line': b'-- Found ament_cmake_auto: 0.9.12 (/opt/ros/foxy/share/ament_cmake_auto/cmake)\n'}
[2.477327] (ackermann_mux) StdoutLine: {'line': b'-- Found rclcpp: 2.4.3 (/opt/ros/foxy/share/rclcpp/cmake)\n'}
[2.514266] (livox_ros_driver2) StdoutLine: {'line': b'-- Found PythonInterp: /usr/bin/python3 (found suitable version "3.8.10", minimum required is "3") \n'}
[2.514868] (livox_ros_driver2) StdoutLine: {'line': b'-- Using PYTHON_EXECUTABLE: /usr/bin/python3\n'}
[2.522347] (-) TimerEvent: {}
[2.544528] (teleop_tools_msgs) StdoutLine: {'line': b'-- Found rosidl_default_generators: 1.0.1 (/opt/ros/foxy/share/rosidl_default_generators/cmake)\n'}
[2.585627] (teleop_tools_msgs) StdoutLine: {'line': b'-- Using all available rosidl_typesupport_c: rosidl_typesupport_fastrtps_c;rosidl_typesupport_introspection_c\n'}
[2.622534] (-) TimerEvent: {}
[2.623840] (teleop_tools_msgs) StdoutLine: {'line': b'-- Found rosidl_adapter: 1.3.1 (/opt/ros/foxy/share/rosidl_adapter/cmake)\n'}
[2.636371] (vesc_msgs) StdoutLine: {'line': b'-- Using all available rosidl_typesupport_c: rosidl_typesupport_fastrtps_c;rosidl_typesupport_introspection_c\n'}
[2.704053] (ackermann_mux) StdoutLine: {'line': b'-- Using all available rosidl_typesupport_c: rosidl_typesupport_fastrtps_c;rosidl_typesupport_introspection_c\n'}
[2.706410] (vesc_msgs) StdoutLine: {'line': b'-- Found rosidl_adapter: 1.3.1 (/opt/ros/foxy/share/rosidl_adapter/cmake)\n'}
[2.722723] (-) TimerEvent: {}
[2.724123] (ackermann_mux) StdoutLine: {'line': b'-- Found rosidl_adapter: 1.3.1 (/opt/ros/foxy/share/rosidl_adapter/cmake)\n'}
[2.822917] (-) TimerEvent: {}
[2.923580] (-) TimerEvent: {}
[3.018857] (vesc_msgs) StdoutLine: {'line': b'-- Found OpenSSL: /usr/lib/aarch64-linux-gnu/libcrypto.so (found version "1.1.1f")  \n'}
[3.023773] (-) TimerEvent: {}
[3.025542] (teleop_tools_msgs) StdoutLine: {'line': b'-- Found OpenSSL: /usr/lib/aarch64-linux-gnu/libcrypto.so (found version "1.1.1f")  \n'}
[3.031610] (ackermann_mux) StdoutLine: {'line': b'-- Found OpenSSL: /usr/lib/aarch64-linux-gnu/libcrypto.so (found version "1.1.1f")  \n'}
[3.105046] (teleop_tools_msgs) StdoutLine: {'line': b'-- Found FastRTPS: /opt/ros/foxy/include  \n'}
[3.107134] (vesc_msgs) StdoutLine: {'line': b'-- Found FastRTPS: /opt/ros/foxy/include  \n'}
[3.123948] (-) TimerEvent: {}
[3.140970] (ackermann_mux) StdoutLine: {'line': b'-- Found FastRTPS: /opt/ros/foxy/include  \n'}
[3.217135] (mouse_teleop) Command: {'cmd': ['/usr/bin/python3', '-W', 'ignore:setup.py install is deprecated', 'setup.py', 'egg_info', '--egg-base', '../../../../build/mouse_teleop', 'build', '--build-base', '/home/jetson/senton_ws/build/mouse_teleop/build', 'install', '--record', '/home/jetson/senton_ws/build/mouse_teleop/install.log', '--install-scripts', '$base/lib/mouse_teleop', '--single-version-externally-managed', 'install_data'], 'cwd': '/home/jetson/senton_ws/src/f1tenth_system/teleop_tools/mouse_teleop', 'env': {'GJS_DEBUG_TOPICS': 'JS ERROR;JS LOG', 'LESSOPEN': '| /usr/bin/lesspipe %s', 'USER': 'jetson', 'LC_TIME': 'zh_CN.UTF-8', 'SSH_AGENT_PID': '2178', 'XDG_SESSION_TYPE': 'x11', 'GIT_ASKPASS': '/usr/share/code/resources/app/extensions/git/dist/askpass.sh', 'SHLVL': '1', 'LD_LIBRARY_PATH': '/home/jetson/nav_ws/install/pointcloud_to_laserscan/lib:/home/jetson/senton_ws/install/vesc_driver/lib:/home/jetson/senton_ws/install/vesc_ackermann/lib:/home/jetson/senton_ws/install/vesc_msgs/lib:/home/jetson/senton_ws/install/teleop_tools_msgs/lib:/home/jetson/ws_livox/install/livox_ros_driver2/lib:/opt/ros/foxy/opt/yaml_cpp_vendor/lib:/opt/ros/foxy/opt/rviz_ogre_vendor/lib:/opt/ros/foxy/lib/aarch64-linux-gnu:/opt/ros/foxy/lib', 'HOME': '/home/jetson', 'CHROME_DESKTOP': 'code-url-handler.desktop', 'OLDPWD': '/home/jetson', 'TERM_PROGRAM_VERSION': '1.91.0', 'DESKTOP_SESSION': 'ubuntu', 'GIO_LAUNCHED_DESKTOP_FILE': '/usr/share/applications/code.desktop', 'ROS_PYTHON_VERSION': '3', 'GNOME_SHELL_SESSION_MODE': 'ubuntu', 'GTK_MODULES': 'gail:atk-bridge', 'VSCODE_GIT_ASKPASS_MAIN': '/usr/share/code/resources/app/extensions/git/dist/askpass-main.js', 'LC_MONETARY': 'zh_CN.UTF-8', 'VSCODE_GIT_ASKPASS_NODE': '/usr/share/code/code', 'MANAGERPID': '1407', 'DBUS_SESSION_BUS_ADDRESS': 'unix:path=/run/user/1000/bus', 'COLORTERM': 'truecolor', 'GIO_LAUNCHED_DESKTOP_FILE_PID': '14160', 'IM_CONFIG_PHASE': '1', 'COLCON_PREFIX_PATH': '/home/jetson/nav_ws/install:/home/jetson/ws_livox/install:/home/jetson/senton_ws/install', 'ROS_DISTRO': 'foxy', 'LOGNAME': 'jetson', 'JOURNAL_STREAM': '7:53706', '_': '/usr/bin/colcon', 'ROS_VERSION': '2', 'XDG_SESSION_CLASS': 'user', 'USERNAME': 'jetson', 'TERM': 'xterm-256color', 'GNOME_DESKTOP_SESSION_ID': 'this-is-deprecated', 'ROS_LOCALHOST_ONLY': '0', 'WINDOWPATH': '2', 'PATH': '/home/jetson/.local/bin:/opt/ros/foxy/bin:/home/jetson/.local/bin:/usr/local/sbin:/usr/local/bin:/usr/sbin:/usr/bin:/sbin:/bin:/usr/games:/usr/local/games:/snap/bin', 'SESSION_MANAGER': 'local/jetson-desktop:@/tmp/.ICE-unix/2216,unix/jetson-desktop:/tmp/.ICE-unix/2216', 'INVOCATION_ID': '35ad82527dbc4710a8eec6380bb06ca2', 'XDG_MENU_PREFIX': 'gnome-', 'LC_ADDRESS': 'zh_CN.UTF-8', 'XDG_RUNTIME_DIR': '/run/user/1000', 'GDK_BACKEND': 'x11', 'DISPLAY': ':0', 'LANG': 'en_US.UTF-8', 'XDG_CURRENT_DESKTOP': 'Unity', 'LC_TELEPHONE': 'zh_CN.UTF-8', 'XMODIFIERS': '@im=ibus', 'XDG_SESSION_DESKTOP': 'ubuntu', 'XAUTHORITY': '/run/user/1000/gdm/Xauthority', 'LS_COLORS': 'rs=0:di=01;34:ln=01;36:mh=00:pi=40;33:so=01;35:do=01;35:bd=40;33;01:cd=40;33;01:or=40;31;01:mi=00:su=37;41:sg=30;43:ca=30;41:tw=30;42:ow=34;42:st=37;44:ex=01;32:*.tar=01;31:*.tgz=01;31:*.arc=01;31:*.arj=01;31:*.taz=01;31:*.lha=01;31:*.lz4=01;31:*.lzh=01;31:*.lzma=01;31:*.tlz=01;31:*.txz=01;31:*.tzo=01;31:*.t7z=01;31:*.zip=01;31:*.z=01;31:*.dz=01;31:*.gz=01;31:*.lrz=01;31:*.lz=01;31:*.lzo=01;31:*.xz=01;31:*.zst=01;31:*.tzst=01;31:*.bz2=01;31:*.bz=01;31:*.tbz=01;31:*.tbz2=01;31:*.tz=01;31:*.deb=01;31:*.rpm=01;31:*.jar=01;31:*.war=01;31:*.ear=01;31:*.sar=01;31:*.rar=01;31:*.alz=01;31:*.ace=01;31:*.zoo=01;31:*.cpio=01;31:*.7z=01;31:*.rz=01;31:*.cab=01;31:*.wim=01;31:*.swm=01;31:*.dwm=01;31:*.esd=01;31:*.jpg=01;35:*.jpeg=01;35:*.mjpg=01;35:*.mjpeg=01;35:*.gif=01;35:*.bmp=01;35:*.pbm=01;35:*.pgm=01;35:*.ppm=01;35:*.tga=01;35:*.xbm=01;35:*.xpm=01;35:*.tif=01;35:*.tiff=01;35:*.png=01;35:*.svg=01;35:*.svgz=01;35:*.mng=01;35:*.pcx=01;35:*.mov=01;35:*.mpg=01;35:*.mpeg=01;35:*.m2v=01;35:*.mkv=01;35:*.webm=01;35:*.ogm=01;35:*.mp4=01;35:*.m4v=01;35:*.mp4v=01;35:*.vob=01;35:*.qt=01;35:*.nuv=01;35:*.wmv=01;35:*.asf=01;35:*.rm=01;35:*.rmvb=01;35:*.flc=01;35:*.avi=01;35:*.fli=01;35:*.flv=01;35:*.gl=01;35:*.dl=01;35:*.xcf=01;35:*.xwd=01;35:*.yuv=01;35:*.cgm=01;35:*.emf=01;35:*.ogv=01;35:*.ogx=01;35:*.aac=00;36:*.au=00;36:*.flac=00;36:*.m4a=00;36:*.mid=00;36:*.midi=00;36:*.mka=00;36:*.mp3=00;36:*.mpc=00;36:*.ogg=00;36:*.ra=00;36:*.wav=00;36:*.oga=00;36:*.opus=00;36:*.spx=00;36:*.xspf=00;36:', 'VSCODE_GIT_IPC_HANDLE': '/run/user/1000/vscode-git-36e51666dc.sock', 'TERM_PROGRAM': 'vscode', 'SSH_AUTH_SOCK': '/run/user/1000/keyring/ssh', 'AMENT_PREFIX_PATH': '/home/jetson/nav_ws/install/pointcloud_to_laserscan:/home/jetson/senton_ws/install/f1tenth_stack:/home/jetson/senton_ws/install/vesc:/home/jetson/senton_ws/install/vesc_driver:/home/jetson/senton_ws/install/vesc_ackermann:/home/jetson/senton_ws/install/vesc_msgs:/home/jetson/senton_ws/install/teleop_tools:/home/jetson/senton_ws/install/joy_teleop:/home/jetson/senton_ws/install/teleop_tools_msgs:/home/jetson/senton_ws/install/mouse_teleop:/home/jetson/senton_ws/install/key_teleop:/home/jetson/senton_ws/install/ackermann_mux:/home/jetson/ws_livox/install/livox_ros_driver2:/opt/ros/foxy', 'ORIGINAL_XDG_CURRENT_DESKTOP': 'ubuntu:GNOME', 'SHELL': '/bin/bash', 'LC_NAME': 'zh_CN.UTF-8', 'QT_ACCESSIBILITY': '1', 'GDMSESSION': 'ubuntu', 'LESSCLOSE': '/usr/bin/lesspipe %s %s', 'LC_MEASUREMENT': 'zh_CN.UTF-8', 'GPG_AGENT_INFO': '/run/user/1000/gnupg/S.gpg-agent:0:1', 'GJS_DEBUG_OUTPUT': 'stderr', 'LC_IDENTIFICATION': 'zh_CN.UTF-8', 'VSCODE_GIT_ASKPASS_EXTRA_ARGS': '', 'QT_IM_MODULE': 'ibus', 'PWD': '/home/jetson/senton_ws/build/mouse_teleop', 'XDG_CONFIG_DIRS': '/etc/xdg/xdg-ubuntu:/etc/xdg', 'XDG_DATA_DIRS': '/usr/share/ubuntu:/usr/local/share/:/usr/share/:/var/lib/snapd/desktop', 'PYTHONPATH': '/home/jetson/senton_ws/build/mouse_teleop/prefix_override:/usr/lib/python3/dist-packages/colcon_core/task/python/colcon_distutils_commands:/home/jetson/senton_ws/install/mouse_teleop/lib/python3.8/site-packages:/home/jetson/senton_ws/install/f1tenth_stack/lib/python3.8/site-packages:/home/jetson/senton_ws/install/vesc_msgs/lib/python3.8/site-packages:/home/jetson/senton_ws/install/joy_teleop/lib/python3.8/site-packages:/home/jetson/senton_ws/install/teleop_tools_msgs/lib/python3.8/site-packages:/home/jetson/senton_ws/install/mouse_teleop/lib/python3.8/site-packages:/home/jetson/senton_ws/install/key_teleop/lib/python3.8/site-packages:/home/jetson/ws_livox/install/livox_ros_driver2/lib/python3.8/site-packages:/opt/ros/foxy/lib/python3.8/site-packages', 'LC_NUMERIC': 'zh_CN.UTF-8', 'LC_PAPER': 'zh_CN.UTF-8', 'COLCON': '1', 'CMAKE_PREFIX_PATH': '/home/jetson/nav_ws/install/pointcloud_to_laserscan:/home/jetson/senton_ws/install/vesc:/home/jetson/senton_ws/install/vesc_driver:/home/jetson/senton_ws/install/vesc_ackermann:/home/jetson/senton_ws/install/vesc_msgs:/home/jetson/senton_ws/install/teleop_tools:/home/jetson/senton_ws/install/teleop_tools_msgs:/home/jetson/senton_ws/install/ackermann_mux:/home/jetson/ws_livox/install/livox_ros_driver2'}, 'shell': False}
[3.224274] (-) TimerEvent: {}
[3.235090] (key_teleop) Command: {'cmd': ['/usr/bin/python3', '-W', 'ignore:setup.py install is deprecated', 'setup.py', 'egg_info', '--egg-base', '../../../../build/key_teleop', 'build', '--build-base', '/home/jetson/senton_ws/build/key_teleop/build', 'install', '--record', '/home/jetson/senton_ws/build/key_teleop/install.log', '--install-scripts', '$base/lib/key_teleop', '--single-version-externally-managed', 'install_data'], 'cwd': '/home/jetson/senton_ws/src/f1tenth_system/teleop_tools/key_teleop', 'env': {'GJS_DEBUG_TOPICS': 'JS ERROR;JS LOG', 'LESSOPEN': '| /usr/bin/lesspipe %s', 'USER': 'jetson', 'LC_TIME': 'zh_CN.UTF-8', 'SSH_AGENT_PID': '2178', 'XDG_SESSION_TYPE': 'x11', 'GIT_ASKPASS': '/usr/share/code/resources/app/extensions/git/dist/askpass.sh', 'SHLVL': '1', 'LD_LIBRARY_PATH': '/home/jetson/nav_ws/install/pointcloud_to_laserscan/lib:/home/jetson/senton_ws/install/vesc_driver/lib:/home/jetson/senton_ws/install/vesc_ackermann/lib:/home/jetson/senton_ws/install/vesc_msgs/lib:/home/jetson/senton_ws/install/teleop_tools_msgs/lib:/home/jetson/ws_livox/install/livox_ros_driver2/lib:/opt/ros/foxy/opt/yaml_cpp_vendor/lib:/opt/ros/foxy/opt/rviz_ogre_vendor/lib:/opt/ros/foxy/lib/aarch64-linux-gnu:/opt/ros/foxy/lib', 'HOME': '/home/jetson', 'CHROME_DESKTOP': 'code-url-handler.desktop', 'OLDPWD': '/home/jetson', 'TERM_PROGRAM_VERSION': '1.91.0', 'DESKTOP_SESSION': 'ubuntu', 'GIO_LAUNCHED_DESKTOP_FILE': '/usr/share/applications/code.desktop', 'ROS_PYTHON_VERSION': '3', 'GNOME_SHELL_SESSION_MODE': 'ubuntu', 'GTK_MODULES': 'gail:atk-bridge', 'VSCODE_GIT_ASKPASS_MAIN': '/usr/share/code/resources/app/extensions/git/dist/askpass-main.js', 'LC_MONETARY': 'zh_CN.UTF-8', 'VSCODE_GIT_ASKPASS_NODE': '/usr/share/code/code', 'MANAGERPID': '1407', 'DBUS_SESSION_BUS_ADDRESS': 'unix:path=/run/user/1000/bus', 'COLORTERM': 'truecolor', 'GIO_LAUNCHED_DESKTOP_FILE_PID': '14160', 'IM_CONFIG_PHASE': '1', 'COLCON_PREFIX_PATH': '/home/jetson/nav_ws/install:/home/jetson/ws_livox/install:/home/jetson/senton_ws/install', 'ROS_DISTRO': 'foxy', 'LOGNAME': 'jetson', 'JOURNAL_STREAM': '7:53706', '_': '/usr/bin/colcon', 'ROS_VERSION': '2', 'XDG_SESSION_CLASS': 'user', 'USERNAME': 'jetson', 'TERM': 'xterm-256color', 'GNOME_DESKTOP_SESSION_ID': 'this-is-deprecated', 'ROS_LOCALHOST_ONLY': '0', 'WINDOWPATH': '2', 'PATH': '/home/jetson/.local/bin:/opt/ros/foxy/bin:/home/jetson/.local/bin:/usr/local/sbin:/usr/local/bin:/usr/sbin:/usr/bin:/sbin:/bin:/usr/games:/usr/local/games:/snap/bin', 'SESSION_MANAGER': 'local/jetson-desktop:@/tmp/.ICE-unix/2216,unix/jetson-desktop:/tmp/.ICE-unix/2216', 'INVOCATION_ID': '35ad82527dbc4710a8eec6380bb06ca2', 'XDG_MENU_PREFIX': 'gnome-', 'LC_ADDRESS': 'zh_CN.UTF-8', 'XDG_RUNTIME_DIR': '/run/user/1000', 'GDK_BACKEND': 'x11', 'DISPLAY': ':0', 'LANG': 'en_US.UTF-8', 'XDG_CURRENT_DESKTOP': 'Unity', 'LC_TELEPHONE': 'zh_CN.UTF-8', 'XMODIFIERS': '@im=ibus', 'XDG_SESSION_DESKTOP': 'ubuntu', 'XAUTHORITY': '/run/user/1000/gdm/Xauthority', 'LS_COLORS': 'rs=0:di=01;34:ln=01;36:mh=00:pi=40;33:so=01;35:do=01;35:bd=40;33;01:cd=40;33;01:or=40;31;01:mi=00:su=37;41:sg=30;43:ca=30;41:tw=30;42:ow=34;42:st=37;44:ex=01;32:*.tar=01;31:*.tgz=01;31:*.arc=01;31:*.arj=01;31:*.taz=01;31:*.lha=01;31:*.lz4=01;31:*.lzh=01;31:*.lzma=01;31:*.tlz=01;31:*.txz=01;31:*.tzo=01;31:*.t7z=01;31:*.zip=01;31:*.z=01;31:*.dz=01;31:*.gz=01;31:*.lrz=01;31:*.lz=01;31:*.lzo=01;31:*.xz=01;31:*.zst=01;31:*.tzst=01;31:*.bz2=01;31:*.bz=01;31:*.tbz=01;31:*.tbz2=01;31:*.tz=01;31:*.deb=01;31:*.rpm=01;31:*.jar=01;31:*.war=01;31:*.ear=01;31:*.sar=01;31:*.rar=01;31:*.alz=01;31:*.ace=01;31:*.zoo=01;31:*.cpio=01;31:*.7z=01;31:*.rz=01;31:*.cab=01;31:*.wim=01;31:*.swm=01;31:*.dwm=01;31:*.esd=01;31:*.jpg=01;35:*.jpeg=01;35:*.mjpg=01;35:*.mjpeg=01;35:*.gif=01;35:*.bmp=01;35:*.pbm=01;35:*.pgm=01;35:*.ppm=01;35:*.tga=01;35:*.xbm=01;35:*.xpm=01;35:*.tif=01;35:*.tiff=01;35:*.png=01;35:*.svg=01;35:*.svgz=01;35:*.mng=01;35:*.pcx=01;35:*.mov=01;35:*.mpg=01;35:*.mpeg=01;35:*.m2v=01;35:*.mkv=01;35:*.webm=01;35:*.ogm=01;35:*.mp4=01;35:*.m4v=01;35:*.mp4v=01;35:*.vob=01;35:*.qt=01;35:*.nuv=01;35:*.wmv=01;35:*.asf=01;35:*.rm=01;35:*.rmvb=01;35:*.flc=01;35:*.avi=01;35:*.fli=01;35:*.flv=01;35:*.gl=01;35:*.dl=01;35:*.xcf=01;35:*.xwd=01;35:*.yuv=01;35:*.cgm=01;35:*.emf=01;35:*.ogv=01;35:*.ogx=01;35:*.aac=00;36:*.au=00;36:*.flac=00;36:*.m4a=00;36:*.mid=00;36:*.midi=00;36:*.mka=00;36:*.mp3=00;36:*.mpc=00;36:*.ogg=00;36:*.ra=00;36:*.wav=00;36:*.oga=00;36:*.opus=00;36:*.spx=00;36:*.xspf=00;36:', 'VSCODE_GIT_IPC_HANDLE': '/run/user/1000/vscode-git-36e51666dc.sock', 'TERM_PROGRAM': 'vscode', 'SSH_AUTH_SOCK': '/run/user/1000/keyring/ssh', 'AMENT_PREFIX_PATH': '/home/jetson/nav_ws/install/pointcloud_to_laserscan:/home/jetson/senton_ws/install/f1tenth_stack:/home/jetson/senton_ws/install/vesc:/home/jetson/senton_ws/install/vesc_driver:/home/jetson/senton_ws/install/vesc_ackermann:/home/jetson/senton_ws/install/vesc_msgs:/home/jetson/senton_ws/install/teleop_tools:/home/jetson/senton_ws/install/joy_teleop:/home/jetson/senton_ws/install/teleop_tools_msgs:/home/jetson/senton_ws/install/mouse_teleop:/home/jetson/senton_ws/install/key_teleop:/home/jetson/senton_ws/install/ackermann_mux:/home/jetson/ws_livox/install/livox_ros_driver2:/opt/ros/foxy', 'ORIGINAL_XDG_CURRENT_DESKTOP': 'ubuntu:GNOME', 'SHELL': '/bin/bash', 'LC_NAME': 'zh_CN.UTF-8', 'QT_ACCESSIBILITY': '1', 'GDMSESSION': 'ubuntu', 'LESSCLOSE': '/usr/bin/lesspipe %s %s', 'LC_MEASUREMENT': 'zh_CN.UTF-8', 'GPG_AGENT_INFO': '/run/user/1000/gnupg/S.gpg-agent:0:1', 'GJS_DEBUG_OUTPUT': 'stderr', 'LC_IDENTIFICATION': 'zh_CN.UTF-8', 'VSCODE_GIT_ASKPASS_EXTRA_ARGS': '', 'QT_IM_MODULE': 'ibus', 'PWD': '/home/jetson/senton_ws/build/key_teleop', 'XDG_CONFIG_DIRS': '/etc/xdg/xdg-ubuntu:/etc/xdg', 'XDG_DATA_DIRS': '/usr/share/ubuntu:/usr/local/share/:/usr/share/:/var/lib/snapd/desktop', 'PYTHONPATH': '/home/jetson/senton_ws/build/key_teleop/prefix_override:/usr/lib/python3/dist-packages/colcon_core/task/python/colcon_distutils_commands:/home/jetson/senton_ws/install/key_teleop/lib/python3.8/site-packages:/home/jetson/senton_ws/install/f1tenth_stack/lib/python3.8/site-packages:/home/jetson/senton_ws/install/vesc_msgs/lib/python3.8/site-packages:/home/jetson/senton_ws/install/joy_teleop/lib/python3.8/site-packages:/home/jetson/senton_ws/install/teleop_tools_msgs/lib/python3.8/site-packages:/home/jetson/senton_ws/install/mouse_teleop/lib/python3.8/site-packages:/home/jetson/senton_ws/install/key_teleop/lib/python3.8/site-packages:/home/jetson/ws_livox/install/livox_ros_driver2/lib/python3.8/site-packages:/opt/ros/foxy/lib/python3.8/site-packages', 'LC_NUMERIC': 'zh_CN.UTF-8', 'LC_PAPER': 'zh_CN.UTF-8', 'COLCON': '1', 'CMAKE_PREFIX_PATH': '/home/jetson/nav_ws/install/pointcloud_to_laserscan:/home/jetson/senton_ws/install/vesc:/home/jetson/senton_ws/install/vesc_driver:/home/jetson/senton_ws/install/vesc_ackermann:/home/jetson/senton_ws/install/vesc_msgs:/home/jetson/senton_ws/install/teleop_tools:/home/jetson/senton_ws/install/teleop_tools_msgs:/home/jetson/senton_ws/install/ackermann_mux:/home/jetson/ws_livox/install/livox_ros_driver2'}, 'shell': False}
[3.261147] (mouse_teleop) StderrLine: {'line': b"'import warnings' failed; traceback:\n"}
[3.263782] (mouse_teleop) StderrLine: {'line': b'Traceback (most recent call last):\n'}
[3.267967] (mouse_teleop) StderrLine: {'line': b'  File "/usr/lib/python3.8/warnings.py", line 538, in <module>\n'}
[3.268287] (mouse_teleop) StderrLine: {'line': b'    _processoptions(sys.warnoptions)\n'}
[3.273694] (mouse_teleop) StderrLine: {'line': b'  File "/usr/lib/python3.8/warnings.py", line 208, in _processoptions\n'}
[3.276421] (mouse_teleop) StderrLine: {'line': b'    _setoption(arg)\n'}
[3.277127] (mouse_teleop) StderrLine: {'line': b'  File "/usr/lib/python3.8/warnings.py", line 224, in _setoption\n'}
[3.277316] (mouse_teleop) StderrLine: {'line': b'    import re\n'}
[3.277470] (mouse_teleop) StderrLine: {'line': b'  File "/usr/lib/python3.8/re.py", line 127, in <module>\n'}
[3.277611] (mouse_teleop) StderrLine: {'line': b'    import functools\n'}
[3.277745] (mouse_teleop) StderrLine: {'line': b'  File "/usr/lib/python3.8/functools.py", line 18, in <module>\n'}
[3.278074] (mouse_teleop) StderrLine: {'line': b'    from collections import namedtuple\n'}
[3.278624] (mouse_teleop) StderrLine: {'line': b'  File "/usr/lib/python3.8/collections/__init__.py", line 26, in <module>\n'}
[3.278776] (mouse_teleop) StderrLine: {'line': b'    from itertools import repeat as _repeat, chain as _chain, starmap as _starmap\n'}
[3.278916] (mouse_teleop) StderrLine: {'line': b'KeyboardInterrupt\n'}
[3.279463] (teleop_tools_msgs) CommandEnded: {'returncode': -2}
[3.284650] (teleop_tools_msgs) StderrLine: {'line': b'Traceback (most recent call last):\n  File "/usr/lib/python3/dist-packages/colcon_parallel_executor/executor/parallel.py", line 75, in execute\n    loop.run_until_complete(future)\n  File "/usr/lib/python3.8/asyncio/base_events.py", line 603, in run_until_complete\n    self.run_forever()\n  File "/usr/lib/python3.8/asyncio/base_events.py", line 570, in run_forever\n    self._run_once()\n  File "/usr/lib/python3.8/asyncio/base_events.py", line 1823, in _run_once\n    event_list = self._selector.select(timeout)\n  File "/usr/lib/python3.8/selectors.py", line 468, in select\n    fd_event_list = self._selector.poll(timeout, max_ev)\nKeyboardInterrupt\n\nDuring handling of the above exception, another exception occurred:\n\nTraceback (most recent call last):\n  File "/usr/lib/python3/dist-packages/colcon_core/executor/__init__.py", line 91, in __call__\n    rc = await self.task(*args, **kwargs)\n  File "/usr/lib/python3/dist-packages/colcon_core/task/__init__.py", line 93, in __call__\n    return await task_method(*args, **kwargs)\n  File "/usr/lib/python3/dist-packages/colcon_ros/task/ament_cmake/build.py", line 59, in build\n    rc = await extension.build(\n  File "/usr/lib/python3/dist-packages/colcon_cmake/task/cmake/build.py", line 87, in build\n    rc = await self._reconfigure(args, env)\n  File "/usr/lib/python3/dist-packages/colcon_cmake/task/cmake/build.py", line 182, in _reconfigure\n    buildfile = get_buildfile(cmake_cache)\n  File "/usr/lib/python3/dist-packages/colcon_cmake/task/cmake/__init__.py", line 114, in get_buildfile\n    if \'Visual Studio\' in generator:\nTypeError: argument of type \'NoneType\' is not iterable\n'}
[3.285988] (teleop_tools_msgs) JobEnded: {'identifier': 'teleop_tools_msgs', 'rc': 'SIGINT'}
[3.290708] (vesc_msgs) CommandEnded: {'returncode': -2}
[3.291890] (vesc_msgs) StderrLine: {'line': b'Traceback (most recent call last):\n  File "/usr/lib/python3/dist-packages/colcon_parallel_executor/executor/parallel.py", line 75, in execute\n    loop.run_until_complete(future)\n  File "/usr/lib/python3.8/asyncio/base_events.py", line 603, in run_until_complete\n    self.run_forever()\n  File "/usr/lib/python3.8/asyncio/base_events.py", line 570, in run_forever\n    self._run_once()\n  File "/usr/lib/python3.8/asyncio/base_events.py", line 1823, in _run_once\n    event_list = self._selector.select(timeout)\n  File "/usr/lib/python3.8/selectors.py", line 468, in select\n    fd_event_list = self._selector.poll(timeout, max_ev)\nKeyboardInterrupt\n\nDuring handling of the above exception, another exception occurred:\n\nTraceback (most recent call last):\n  File "/usr/lib/python3/dist-packages/colcon_core/executor/__init__.py", line 91, in __call__\n    rc = await self.task(*args, **kwargs)\n  File "/usr/lib/python3/dist-packages/colcon_core/task/__init__.py", line 93, in __call__\n    return await task_method(*args, **kwargs)\n  File "/usr/lib/python3/dist-packages/colcon_ros/task/ament_cmake/build.py", line 59, in build\n    rc = await extension.build(\n  File "/usr/lib/python3/dist-packages/colcon_cmake/task/cmake/build.py", line 87, in build\n    rc = await self._reconfigure(args, env)\n  File "/usr/lib/python3/dist-packages/colcon_cmake/task/cmake/build.py", line 182, in _reconfigure\n    buildfile = get_buildfile(cmake_cache)\n  File "/usr/lib/python3/dist-packages/colcon_cmake/task/cmake/__init__.py", line 114, in get_buildfile\n    if \'Visual Studio\' in generator:\nTypeError: argument of type \'NoneType\' is not iterable\n'}
[3.292201] (vesc_msgs) JobEnded: {'identifier': 'vesc_msgs', 'rc': 'SIGINT'}
[3.293154] (ackermann_mux) CommandEnded: {'returncode': -2}
[3.294129] (ackermann_mux) StderrLine: {'line': b'Traceback (most recent call last):\n  File "/usr/lib/python3/dist-packages/colcon_parallel_executor/executor/parallel.py", line 75, in execute\n    loop.run_until_complete(future)\n  File "/usr/lib/python3.8/asyncio/base_events.py", line 603, in run_until_complete\n    self.run_forever()\n  File "/usr/lib/python3.8/asyncio/base_events.py", line 570, in run_forever\n    self._run_once()\n  File "/usr/lib/python3.8/asyncio/base_events.py", line 1823, in _run_once\n    event_list = self._selector.select(timeout)\n  File "/usr/lib/python3.8/selectors.py", line 468, in select\n    fd_event_list = self._selector.poll(timeout, max_ev)\nKeyboardInterrupt\n\nDuring handling of the above exception, another exception occurred:\n\nTraceback (most recent call last):\n  File "/usr/lib/python3/dist-packages/colcon_core/executor/__init__.py", line 91, in __call__\n    rc = await self.task(*args, **kwargs)\n  File "/usr/lib/python3/dist-packages/colcon_core/task/__init__.py", line 93, in __call__\n    return await task_method(*args, **kwargs)\n  File "/usr/lib/python3/dist-packages/colcon_ros/task/ament_cmake/build.py", line 59, in build\n    rc = await extension.build(\n  File "/usr/lib/python3/dist-packages/colcon_cmake/task/cmake/build.py", line 87, in build\n    rc = await self._reconfigure(args, env)\n  File "/usr/lib/python3/dist-packages/colcon_cmake/task/cmake/build.py", line 182, in _reconfigure\n    buildfile = get_buildfile(cmake_cache)\n  File "/usr/lib/python3/dist-packages/colcon_cmake/task/cmake/__init__.py", line 114, in get_buildfile\n    if \'Visual Studio\' in generator:\nTypeError: argument of type \'NoneType\' is not iterable\n'}
[3.294439] (ackermann_mux) JobEnded: {'identifier': 'ackermann_mux', 'rc': 'SIGINT'}
[3.295190] (key_teleop) JobEnded: {'identifier': 'key_teleop', 'rc': 'SIGINT'}
[3.295758] (livox_ros_driver2) JobEnded: {'identifier': 'livox_ros_driver2', 'rc': 'SIGINT'}
[3.324375] (-) TimerEvent: {}
[3.425061] (-) TimerEvent: {}
[3.525791] (-) TimerEvent: {}
[3.626498] (-) TimerEvent: {}
[3.727118] (-) TimerEvent: {}
[3.764558] (mouse_teleop) StdoutLine: {'line': b'running egg_info\n'}
[3.765617] (mouse_teleop) StdoutLine: {'line': b'creating ../../../../build/mouse_teleop/mouse_teleop.egg-info\n'}
[3.766105] (mouse_teleop) StdoutLine: {'line': b'writing ../../../../build/mouse_teleop/mouse_teleop.egg-info/PKG-INFO\n'}
[3.766814] (mouse_teleop) StdoutLine: {'line': b'writing dependency_links to ../../../../build/mouse_teleop/mouse_teleop.egg-info/dependency_links.txt\n'}
[3.767225] (mouse_teleop) StdoutLine: {'line': b'writing entry points to ../../../../build/mouse_teleop/mouse_teleop.egg-info/entry_points.txt\n'}
[3.767576] (mouse_teleop) StdoutLine: {'line': b'writing requirements to ../../../../build/mouse_teleop/mouse_teleop.egg-info/requires.txt\n'}
[3.767744] (mouse_teleop) StdoutLine: {'line': b'writing top-level names to ../../../../build/mouse_teleop/mouse_teleop.egg-info/top_level.txt\n'}
[3.772404] (mouse_teleop) StdoutLine: {'line': b"writing manifest file '../../../../build/mouse_teleop/mouse_teleop.egg-info/SOURCES.txt'\n"}
[3.827289] (-) TimerEvent: {}
[3.836360] (mouse_teleop) StdoutLine: {'line': b"reading manifest file '../../../../build/mouse_teleop/mouse_teleop.egg-info/SOURCES.txt'\n"}
[3.837872] (mouse_teleop) StdoutLine: {'line': b"writing manifest file '../../../../build/mouse_teleop/mouse_teleop.egg-info/SOURCES.txt'\n"}
[3.839310] (mouse_teleop) StdoutLine: {'line': b'running build\n'}
[3.839696] (mouse_teleop) StdoutLine: {'line': b'running build_py\n'}
[3.839869] (mouse_teleop) StdoutLine: {'line': b'creating /home/jetson/senton_ws/build/mouse_teleop/build\n'}
[3.840018] (mouse_teleop) StdoutLine: {'line': b'creating /home/jetson/senton_ws/build/mouse_teleop/build/lib\n'}
[3.840157] (mouse_teleop) StdoutLine: {'line': b'creating /home/jetson/senton_ws/build/mouse_teleop/build/lib/mouse_teleop\n'}
[3.840292] (mouse_teleop) StdoutLine: {'line': b'copying mouse_teleop/mouse_teleop.py -> /home/jetson/senton_ws/build/mouse_teleop/build/lib/mouse_teleop\n'}
[3.840425] (mouse_teleop) StdoutLine: {'line': b'copying mouse_teleop/__init__.py -> /home/jetson/senton_ws/build/mouse_teleop/build/lib/mouse_teleop\n'}
[3.840554] (mouse_teleop) StdoutLine: {'line': b'running install\n'}
[3.841665] (mouse_teleop) StdoutLine: {'line': b'running install_lib\n'}
[3.843961] (mouse_teleop) StdoutLine: {'line': b'creating /home/jetson/senton_ws/install/mouse_teleop/lib/python3.8/site-packages/mouse_teleop\n'}
[3.844247] (mouse_teleop) StdoutLine: {'line': b'copying /home/jetson/senton_ws/build/mouse_teleop/build/lib/mouse_teleop/mouse_teleop.py -> /home/jetson/senton_ws/install/mouse_teleop/lib/python3.8/site-packages/mouse_teleop\n'}
[3.844458] (mouse_teleop) StdoutLine: {'line': b'copying /home/jetson/senton_ws/build/mouse_teleop/build/lib/mouse_teleop/__init__.py -> /home/jetson/senton_ws/install/mouse_teleop/lib/python3.8/site-packages/mouse_teleop\n'}
[3.845729] (mouse_teleop) StdoutLine: {'line': b'byte-compiling /home/jetson/senton_ws/install/mouse_teleop/lib/python3.8/site-packages/mouse_teleop/mouse_teleop.py to mouse_teleop.cpython-38.pyc\n'}
[3.850565] (mouse_teleop) StdoutLine: {'line': b'byte-compiling /home/jetson/senton_ws/install/mouse_teleop/lib/python3.8/site-packages/mouse_teleop/__init__.py to __init__.cpython-38.pyc\n'}
[3.850902] (mouse_teleop) StdoutLine: {'line': b'running install_data\n'}
[3.851131] (mouse_teleop) StdoutLine: {'line': b'copying package.xml -> /home/jetson/senton_ws/install/mouse_teleop/share/mouse_teleop\n'}
[3.851399] (mouse_teleop) StdoutLine: {'line': b'creating /home/jetson/senton_ws/install/mouse_teleop/share/mouse_teleop/config\n'}
[3.851682] (mouse_teleop) StdoutLine: {'line': b'copying config/mouse_teleop.yaml -> /home/jetson/senton_ws/install/mouse_teleop/share/mouse_teleop/config\n'}
[3.851897] (mouse_teleop) StdoutLine: {'line': b'creating /home/jetson/senton_ws/install/mouse_teleop/share/mouse_teleop/launch\n'}
[3.852129] (mouse_teleop) StdoutLine: {'line': b'copying launch/mouse_teleop.launch.py -> /home/jetson/senton_ws/install/mouse_teleop/share/mouse_teleop/launch\n'}
[3.852354] (mouse_teleop) StdoutLine: {'line': b'creating /home/jetson/senton_ws/install/mouse_teleop/share/ament_index\n'}
[3.852518] (mouse_teleop) StdoutLine: {'line': b'creating /home/jetson/senton_ws/install/mouse_teleop/share/ament_index/resource_index\n'}
[3.852674] (mouse_teleop) StdoutLine: {'line': b'creating /home/jetson/senton_ws/install/mouse_teleop/share/ament_index/resource_index/packages\n'}
[3.852800] (mouse_teleop) StdoutLine: {'line': b'copying resource/mouse_teleop -> /home/jetson/senton_ws/install/mouse_teleop/share/ament_index/resource_index/packages\n'}
[3.852924] (mouse_teleop) StdoutLine: {'line': b'running install_egg_info\n'}
[3.856536] (mouse_teleop) StdoutLine: {'line': b'Copying ../../../../build/mouse_teleop/mouse_teleop.egg-info to /home/jetson/senton_ws/install/mouse_teleop/lib/python3.8/site-packages/mouse_teleop-0.3.0-py3.8.egg-info\n'}
[3.858498] (mouse_teleop) StdoutLine: {'line': b'running install_scripts\n'}
[3.893724] (mouse_teleop) StdoutLine: {'line': b'Installing mouse_teleop script to /home/jetson/senton_ws/install/mouse_teleop/lib/mouse_teleop\n'}
[3.894521] (mouse_teleop) StdoutLine: {'line': b"writing list of installed files to '/home/jetson/senton_ws/build/mouse_teleop/install.log'\n"}
[3.927436] (-) TimerEvent: {}
[3.958513] (mouse_teleop) JobEnded: {'identifier': 'mouse_teleop', 'rc': 'SIGINT'}
[3.970447] (pointcloud_to_laserscan) JobSkipped: {'identifier': 'pointcloud_to_laserscan'}
[3.970877] (robot_localization) JobSkipped: {'identifier': 'robot_localization'}
[3.971086] (joy_teleop) JobSkipped: {'identifier': 'joy_teleop'}
[3.971323] (vesc_ackermann) JobSkipped: {'identifier': 'vesc_ackermann'}
[3.971413] (vesc_driver) JobSkipped: {'identifier': 'vesc_driver'}
[3.971844] (teleop_tools) JobSkipped: {'identifier': 'teleop_tools'}
[3.972098] (vesc) JobSkipped: {'identifier': 'vesc'}
[3.972368] (f1tenth_stack) JobSkipped: {'identifier': 'f1tenth_stack'}
[3.972646] (-) EventReactorShutdown: {}
